CRITICAL - 2023-10-29 01:47:10 --> Undefined variable $request
in APPPATH\Controllers\Admin\Gambar.php on line 38.
 1 APPPATH\Controllers\Admin\Gambar.php(38): CodeIgniter\Debug\Exceptions->errorHandler(2, 'Undefined variable $request', 'C:\\Users\\DELL\\Documents\\project tuto\\kedaiku\\app\\Controllers\\Admin\\Gambar.php', 38)
 2 SYSTEMPATH\CodeIgniter.php(942): App\Controllers\Admin\Gambar->save_new()
 3 SYSTEMPATH\CodeIgniter.php(502): CodeIgniter\CodeIgniter->runController(Object(App\Controllers\Admin\Gambar))
 4 SYSTEMPATH\CodeIgniter.php(361): CodeIgniter\CodeIgniter->handleRequest(null, Object(Config\Cache), false)
 5 FCPATH\index.php(79): CodeIgniter\CodeIgniter->run()
CRITICAL - 2023-10-29 01:48:37 --> Undefined variable $request
in APPPATH\Controllers\Admin\Gambar.php on line 38.
 1 APPPATH\Controllers\Admin\Gambar.php(38): CodeIgniter\Debug\Exceptions->errorHandler(2, 'Undefined variable $request', 'C:\\Users\\DELL\\Documents\\project tuto\\kedaiku\\app\\Controllers\\Admin\\Gambar.php', 38)
 2 SYSTEMPATH\CodeIgniter.php(942): App\Controllers\Admin\Gambar->save_new()
 3 SYSTEMPATH\CodeIgniter.php(502): CodeIgniter\CodeIgniter->runController(Object(App\Controllers\Admin\Gambar))
 4 SYSTEMPATH\CodeIgniter.php(361): CodeIgniter\CodeIgniter->handleRequest(null, Object(Config\Cache), false)
 5 FCPATH\index.php(79): CodeIgniter\CodeIgniter->run()
CRITICAL - 2023-10-29 01:50:20 --> Too few arguments to function App\Controllers\Admin\Gambar::save_new(), 0 passed in C:\Users\DELL\Documents\project tuto\kedaiku\system\CodeIgniter.php on line 942 and exactly 1 expected
in APPPATH\Controllers\Admin\Gambar.php on line 35.
 1 SYSTEMPATH\CodeIgniter.php(942): App\Controllers\Admin\Gambar->save_new()
 2 SYSTEMPATH\CodeIgniter.php(502): CodeIgniter\CodeIgniter->runController(Object(App\Controllers\Admin\Gambar))
 3 SYSTEMPATH\CodeIgniter.php(361): CodeIgniter\CodeIgniter->handleRequest(null, Object(Config\Cache), false)
 4 FCPATH\index.php(79): CodeIgniter\CodeIgniter->run()
CRITICAL - 2023-10-29 01:52:46 --> Undefined variable $request
in APPPATH\Controllers\Admin\Gambar.php on line 38.
 1 APPPATH\Controllers\Admin\Gambar.php(38): CodeIgniter\Debug\Exceptions->errorHandler(2, 'Undefined variable $request', 'C:\\Users\\DELL\\Documents\\project tuto\\kedaiku\\app\\Controllers\\Admin\\Gambar.php', 38)
 2 SYSTEMPATH\CodeIgniter.php(942): App\Controllers\Admin\Gambar->save_new()
 3 SYSTEMPATH\CodeIgniter.php(502): CodeIgniter\CodeIgniter->runController(Object(App\Controllers\Admin\Gambar))
 4 SYSTEMPATH\CodeIgniter.php(361): CodeIgniter\CodeIgniter->handleRequest(null, Object(Config\Cache), false)
 5 FCPATH\index.php(79): CodeIgniter\CodeIgniter->run()
CRITICAL - 2023-10-29 01:53:04 --> Too few arguments to function App\Controllers\Admin\Gambar::save_new(), 0 passed in C:\Users\DELL\Documents\project tuto\kedaiku\system\CodeIgniter.php on line 942 and exactly 1 expected
in APPPATH\Controllers\Admin\Gambar.php on line 35.
 1 SYSTEMPATH\CodeIgniter.php(942): App\Controllers\Admin\Gambar->save_new()
 2 SYSTEMPATH\CodeIgniter.php(502): CodeIgniter\CodeIgniter->runController(Object(App\Controllers\Admin\Gambar))
 3 SYSTEMPATH\CodeIgniter.php(361): CodeIgniter\CodeIgniter->handleRequest(null, Object(Config\Cache), false)
 4 FCPATH\index.php(79): CodeIgniter\CodeIgniter->run()
CRITICAL - 2023-10-29 01:53:33 --> Undefined constant "App\Controllers\Admin\this"
in APPPATH\Controllers\Admin\Gambar.php on line 38.
 1 SYSTEMPATH\CodeIgniter.php(942): App\Controllers\Admin\Gambar->save_new()
 2 SYSTEMPATH\CodeIgniter.php(502): CodeIgniter\CodeIgniter->runController(Object(App\Controllers\Admin\Gambar))
 3 SYSTEMPATH\CodeIgniter.php(361): CodeIgniter\CodeIgniter->handleRequest(null, Object(Config\Cache), false)
 4 FCPATH\index.php(79): CodeIgniter\CodeIgniter->run()
CRITICAL - 2023-10-29 01:58:40 --> Undefined variable $gambarModel
in APPPATH\Controllers\Admin\Gambar.php on line 46.
 1 APPPATH\Controllers\Admin\Gambar.php(46): CodeIgniter\Debug\Exceptions->errorHandler(2, 'Undefined variable $gambarModel', 'C:\\Users\\DELL\\Documents\\project tuto\\kedaiku\\app\\Controllers\\Admin\\Gambar.php', 46)
 2 SYSTEMPATH\CodeIgniter.php(942): App\Controllers\Admin\Gambar->save_new()
 3 SYSTEMPATH\CodeIgniter.php(502): CodeIgniter\CodeIgniter->runController(Object(App\Controllers\Admin\Gambar))
 4 SYSTEMPATH\CodeIgniter.php(361): CodeIgniter\CodeIgniter->handleRequest(null, Object(Config\Cache), false)
 5 FCPATH\index.php(79): CodeIgniter\CodeIgniter->run()
CRITICAL - 2023-10-29 02:10:11 --> Call to a member function hasFile() on array
in APPPATH\Controllers\Admin\Gambar.php on line 49.
 1 SYSTEMPATH\CodeIgniter.php(942): App\Controllers\Admin\Gambar->save_new()
 2 SYSTEMPATH\CodeIgniter.php(502): CodeIgniter\CodeIgniter->runController(Object(App\Controllers\Admin\Gambar))
 3 SYSTEMPATH\CodeIgniter.php(361): CodeIgniter\CodeIgniter->handleRequest(null, Object(Config\Cache), false)
 4 FCPATH\index.php(79): CodeIgniter\CodeIgniter->run()
CRITICAL - 2023-10-29 02:17:29 --> Cannot use isset() on the result of an expression (you can use "null !== expression" instead)
in APPPATH\Controllers\Admin\Gambar.php on line 49.
 1 [internal function]: CodeIgniter\Debug\Exceptions->shutdownHandler()
CRITICAL - 2023-10-29 02:20:28 --> Undefined variable $file
in APPPATH\Controllers\Admin\Gambar.php on line 49.
 1 APPPATH\Controllers\Admin\Gambar.php(49): CodeIgniter\Debug\Exceptions->errorHandler(2, 'Undefined variable $file', 'C:\\Users\\DELL\\Documents\\project tuto\\kedaiku\\app\\Controllers\\Admin\\Gambar.php', 49)
 2 SYSTEMPATH\CodeIgniter.php(942): App\Controllers\Admin\Gambar->save_new()
 3 SYSTEMPATH\CodeIgniter.php(502): CodeIgniter\CodeIgniter->runController(Object(App\Controllers\Admin\Gambar))
 4 SYSTEMPATH\CodeIgniter.php(361): CodeIgniter\CodeIgniter->handleRequest(null, Object(Config\Cache), false)
 5 FCPATH\index.php(79): CodeIgniter\CodeIgniter->run()
CRITICAL - 2023-10-29 02:20:40 --> Undefined variable $files
in APPPATH\Controllers\Admin\Gambar.php on line 50.
 1 APPPATH\Controllers\Admin\Gambar.php(50): CodeIgniter\Debug\Exceptions->errorHandler(2, 'Undefined variable $files', 'C:\\Users\\DELL\\Documents\\project tuto\\kedaiku\\app\\Controllers\\Admin\\Gambar.php', 50)
 2 SYSTEMPATH\CodeIgniter.php(942): App\Controllers\Admin\Gambar->save_new()
 3 SYSTEMPATH\CodeIgniter.php(502): CodeIgniter\CodeIgniter->runController(Object(App\Controllers\Admin\Gambar))
 4 SYSTEMPATH\CodeIgniter.php(361): CodeIgniter\CodeIgniter->handleRequest(null, Object(Config\Cache), false)
 5 FCPATH\index.php(79): CodeIgniter\CodeIgniter->run()
CRITICAL - 2023-10-29 02:21:09 --> Cannot use object of type CodeIgniter\HTTP\Files\UploadedFile as array
in APPPATH\Controllers\Admin\Gambar.php on line 50.
 1 SYSTEMPATH\CodeIgniter.php(942): App\Controllers\Admin\Gambar->save_new()
 2 SYSTEMPATH\CodeIgniter.php(502): CodeIgniter\CodeIgniter->runController(Object(App\Controllers\Admin\Gambar))
 3 SYSTEMPATH\CodeIgniter.php(361): CodeIgniter\CodeIgniter->handleRequest(null, Object(Config\Cache), false)
 4 FCPATH\index.php(79): CodeIgniter\CodeIgniter->run()
CRITICAL - 2023-10-29 02:21:49 --> Cannot use object of type CodeIgniter\HTTP\Files\UploadedFile as array
in APPPATH\Controllers\Admin\Gambar.php on line 50.
 1 SYSTEMPATH\CodeIgniter.php(942): App\Controllers\Admin\Gambar->save_new()
 2 SYSTEMPATH\CodeIgniter.php(502): CodeIgniter\CodeIgniter->runController(Object(App\Controllers\Admin\Gambar))
 3 SYSTEMPATH\CodeIgniter.php(361): CodeIgniter\CodeIgniter->handleRequest(null, Object(Config\Cache), false)
 4 FCPATH\index.php(79): CodeIgniter\CodeIgniter->run()
CRITICAL - 2023-10-29 02:22:05 --> Undefined variable $files
in APPPATH\Controllers\Admin\Gambar.php on line 50.
 1 APPPATH\Controllers\Admin\Gambar.php(50): CodeIgniter\Debug\Exceptions->errorHandler(2, 'Undefined variable $files', 'C:\\Users\\DELL\\Documents\\project tuto\\kedaiku\\app\\Controllers\\Admin\\Gambar.php', 50)
 2 SYSTEMPATH\CodeIgniter.php(942): App\Controllers\Admin\Gambar->save_new()
 3 SYSTEMPATH\CodeIgniter.php(502): CodeIgniter\CodeIgniter->runController(Object(App\Controllers\Admin\Gambar))
 4 SYSTEMPATH\CodeIgniter.php(361): CodeIgniter\CodeIgniter->handleRequest(null, Object(Config\Cache), false)
 5 FCPATH\index.php(79): CodeIgniter\CodeIgniter->run()
CRITICAL - 2023-10-29 02:22:14 --> Undefined variable $files
in APPPATH\Controllers\Admin\Gambar.php on line 50.
 1 APPPATH\Controllers\Admin\Gambar.php(50): CodeIgniter\Debug\Exceptions->errorHandler(2, 'Undefined variable $files', 'C:\\Users\\DELL\\Documents\\project tuto\\kedaiku\\app\\Controllers\\Admin\\Gambar.php', 50)
 2 SYSTEMPATH\CodeIgniter.php(942): App\Controllers\Admin\Gambar->save_new()
 3 SYSTEMPATH\CodeIgniter.php(502): CodeIgniter\CodeIgniter->runController(Object(App\Controllers\Admin\Gambar))
 4 SYSTEMPATH\CodeIgniter.php(361): CodeIgniter\CodeIgniter->handleRequest(null, Object(Config\Cache), false)
 5 FCPATH\index.php(79): CodeIgniter\CodeIgniter->run()
CRITICAL - 2023-10-29 03:07:20 --> Array to string conversion
in APPPATH\Views\admin\edit.php on line 49.
 1 APPPATH\Views\admin\edit.php(49): CodeIgniter\Debug\Exceptions->errorHandler(2, 'Array to string conversion', 'C:\\Users\\DELL\\Documents\\project tuto\\kedaiku\\app\\Views\\admin\\edit.php', 49)
 2 SYSTEMPATH\View\View.php(228): include('C:\\Users\\DELL\\Documents\\project tuto\\kedaiku\\app\\Views\\admin\\edit.php')
 3 SYSTEMPATH\View\View.php(231): CodeIgniter\View\View->CodeIgniter\View\{closure}()
 4 SYSTEMPATH\Common.php(1190): CodeIgniter\View\View->render('admin/edit', [], true)
 5 APPPATH\Controllers\Admin\Gambar.php(29): view('admin/edit', [...])
 6 SYSTEMPATH\CodeIgniter.php(942): App\Controllers\Admin\Gambar->edit('1')
 7 SYSTEMPATH\CodeIgniter.php(502): CodeIgniter\CodeIgniter->runController(Object(App\Controllers\Admin\Gambar))
 8 SYSTEMPATH\CodeIgniter.php(361): CodeIgniter\CodeIgniter->handleRequest(null, Object(Config\Cache), false)
 9 FCPATH\index.php(79): CodeIgniter\CodeIgniter->run()
CRITICAL - 2023-10-29 03:08:56 --> Array to string conversion
in APPPATH\Views\admin\edit.php on line 49.
 1 APPPATH\Views\admin\edit.php(49): CodeIgniter\Debug\Exceptions->errorHandler(2, 'Array to string conversion', 'C:\\Users\\DELL\\Documents\\project tuto\\kedaiku\\app\\Views\\admin\\edit.php', 49)
 2 SYSTEMPATH\View\View.php(228): include('C:\\Users\\DELL\\Documents\\project tuto\\kedaiku\\app\\Views\\admin\\edit.php')
 3 SYSTEMPATH\View\View.php(231): CodeIgniter\View\View->CodeIgniter\View\{closure}()
 4 SYSTEMPATH\Common.php(1190): CodeIgniter\View\View->render('admin/edit', [], true)
 5 APPPATH\Controllers\Admin\Gambar.php(29): view('admin/edit', [...])
 6 SYSTEMPATH\CodeIgniter.php(942): App\Controllers\Admin\Gambar->edit('1')
 7 SYSTEMPATH\CodeIgniter.php(502): CodeIgniter\CodeIgniter->runController(Object(App\Controllers\Admin\Gambar))
 8 SYSTEMPATH\CodeIgniter.php(361): CodeIgniter\CodeIgniter->handleRequest(null, Object(Config\Cache), false)
 9 FCPATH\index.php(79): CodeIgniter\CodeIgniter->run()
CRITICAL - 2023-10-29 03:09:02 --> Array to string conversion
in APPPATH\Views\admin\edit.php on line 49.
 1 APPPATH\Views\admin\edit.php(49): CodeIgniter\Debug\Exceptions->errorHandler(2, 'Array to string conversion', 'C:\\Users\\DELL\\Documents\\project tuto\\kedaiku\\app\\Views\\admin\\edit.php', 49)
 2 SYSTEMPATH\View\View.php(228): include('C:\\Users\\DELL\\Documents\\project tuto\\kedaiku\\app\\Views\\admin\\edit.php')
 3 SYSTEMPATH\View\View.php(231): CodeIgniter\View\View->CodeIgniter\View\{closure}()
 4 SYSTEMPATH\Common.php(1190): CodeIgniter\View\View->render('admin/edit', [], true)
 5 APPPATH\Controllers\Admin\Gambar.php(29): view('admin/edit', [...])
 6 SYSTEMPATH\CodeIgniter.php(942): App\Controllers\Admin\Gambar->edit('2')
 7 SYSTEMPATH\CodeIgniter.php(502): CodeIgniter\CodeIgniter->runController(Object(App\Controllers\Admin\Gambar))
 8 SYSTEMPATH\CodeIgniter.php(361): CodeIgniter\CodeIgniter->handleRequest(null, Object(Config\Cache), false)
 9 FCPATH\index.php(79): CodeIgniter\CodeIgniter->run()
CRITICAL - 2023-10-29 04:45:02 --> The original file is not a valid file.
in SYSTEMPATH\HTTP\Files\UploadedFile.php on line 146.
 1 SYSTEMPATH\HTTP\Files\UploadedFile.php(146): CodeIgniter\HTTP\Exceptions\HTTPException::forInvalidFile()
 2 APPPATH\Controllers\Admin\Gambar.php(63): CodeIgniter\HTTP\Files\UploadedFile->move('img/', '1698554702_bce4df79dab1c9a9861e')
 3 SYSTEMPATH\CodeIgniter.php(942): App\Controllers\Admin\Gambar->save_new()
 4 SYSTEMPATH\CodeIgniter.php(502): CodeIgniter\CodeIgniter->runController(Object(App\Controllers\Admin\Gambar))
 5 SYSTEMPATH\CodeIgniter.php(361): CodeIgniter\CodeIgniter->handleRequest(null, Object(Config\Cache), false)
 6 FCPATH\index.php(79): CodeIgniter\CodeIgniter->run()
CRITICAL - 2023-10-29 04:45:41 --> The original file is not a valid file.
in SYSTEMPATH\HTTP\Files\UploadedFile.php on line 146.
 1 SYSTEMPATH\HTTP\Files\UploadedFile.php(146): CodeIgniter\HTTP\Exceptions\HTTPException::forInvalidFile()
 2 APPPATH\Controllers\Admin\Gambar.php(63): CodeIgniter\HTTP\Files\UploadedFile->move('img/', '1698554741_4f34e38ca2f5db104deb')
 3 SYSTEMPATH\CodeIgniter.php(942): App\Controllers\Admin\Gambar->save_new()
 4 SYSTEMPATH\CodeIgniter.php(502): CodeIgniter\CodeIgniter->runController(Object(App\Controllers\Admin\Gambar))
 5 SYSTEMPATH\CodeIgniter.php(361): CodeIgniter\CodeIgniter->handleRequest(null, Object(Config\Cache), false)
 6 FCPATH\index.php(79): CodeIgniter\CodeIgniter->run()
CRITICAL - 2023-10-29 06:22:37 --> syntax error, unexpected variable "$gambarModel"
in APPPATH\Controllers\Admin\Gambar.php on line 48.
 1 SYSTEMPATH\Autoloader\Autoloader.php(291): CodeIgniter\Autoloader\Autoloader->includeFile('C:\\Users\\DELL\\Documents\\project tuto\\kedaiku\\app\\Controllers\\Admin\\Gambar.php')
 2 SYSTEMPATH\Autoloader\Autoloader.php(269): CodeIgniter\Autoloader\Autoloader->loadInNamespace('App\\Controllers\\Admin\\Gambar')
 3 [internal function]: CodeIgniter\Autoloader\Autoloader->loadClass('App\\Controllers\\Admin\\Gambar')
 4 SYSTEMPATH\CodeIgniter.php(900): class_exists('\\App\\Controllers\\Admin\\Gambar', true)
 5 SYSTEMPATH\CodeIgniter.php(489): CodeIgniter\CodeIgniter->startController()
 6 SYSTEMPATH\CodeIgniter.php(361): CodeIgniter\CodeIgniter->handleRequest(null, Object(Config\Cache), false)
 7 FCPATH\index.php(79): CodeIgniter\CodeIgniter->run()
CRITICAL - 2023-10-29 06:32:51 --> The original file is not a valid file.
in SYSTEMPATH\HTTP\Files\UploadedFile.php on line 146.
 1 SYSTEMPATH\HTTP\Files\UploadedFile.php(146): CodeIgniter\HTTP\Exceptions\HTTPException::forInvalidFile()
 2 APPPATH\Controllers\Admin\Gambar.php(107): CodeIgniter\HTTP\Files\UploadedFile->move('img/', '1698561171_391882089baa03e571da')
 3 SYSTEMPATH\CodeIgniter.php(942): App\Controllers\Admin\Gambar->save_edit('14')
 4 SYSTEMPATH\CodeIgniter.php(502): CodeIgniter\CodeIgniter->runController(Object(App\Controllers\Admin\Gambar))
 5 SYSTEMPATH\CodeIgniter.php(361): CodeIgniter\CodeIgniter->handleRequest(null, Object(Config\Cache), false)
 6 FCPATH\index.php(79): CodeIgniter\CodeIgniter->run()
CRITICAL - 2023-10-29 06:33:11 --> Undefined property: App\Controllers\Admin\Gambar::$session
in APPPATH\Controllers\Admin\Gambar.php on line 115.
 1 APPPATH\Controllers\Admin\Gambar.php(115): CodeIgniter\Debug\Exceptions->errorHandler(2, 'Undefined property: App\\Controllers\\Admin\\Gambar::$session', 'C:\\Users\\DELL\\Documents\\project tuto\\kedaiku\\app\\Controllers\\Admin\\Gambar.php', 115)
 2 SYSTEMPATH\CodeIgniter.php(942): App\Controllers\Admin\Gambar->save_edit('14')
 3 SYSTEMPATH\CodeIgniter.php(502): CodeIgniter\CodeIgniter->runController(Object(App\Controllers\Admin\Gambar))
 4 SYSTEMPATH\CodeIgniter.php(361): CodeIgniter\CodeIgniter->handleRequest(null, Object(Config\Cache), false)
 5 FCPATH\index.php(79): CodeIgniter\CodeIgniter->run()
CRITICAL - 2023-10-29 06:34:11 --> Undefined property: App\Controllers\Admin\Gambar::$session
in APPPATH\Controllers\Admin\Gambar.php on line 115.
 1 APPPATH\Controllers\Admin\Gambar.php(115): CodeIgniter\Debug\Exceptions->errorHandler(2, 'Undefined property: App\\Controllers\\Admin\\Gambar::$session', 'C:\\Users\\DELL\\Documents\\project tuto\\kedaiku\\app\\Controllers\\Admin\\Gambar.php', 115)
 2 SYSTEMPATH\CodeIgniter.php(942): App\Controllers\Admin\Gambar->save_edit('14')
 3 SYSTEMPATH\CodeIgniter.php(502): CodeIgniter\CodeIgniter->runController(Object(App\Controllers\Admin\Gambar))
 4 SYSTEMPATH\CodeIgniter.php(361): CodeIgniter\CodeIgniter->handleRequest(null, Object(Config\Cache), false)
 5 FCPATH\index.php(79): CodeIgniter\CodeIgniter->run()
CRITICAL - 2023-10-29 06:35:37 --> The original file is not a valid file.
in SYSTEMPATH\HTTP\Files\UploadedFile.php on line 146.
 1 SYSTEMPATH\HTTP\Files\UploadedFile.php(146): CodeIgniter\HTTP\Exceptions\HTTPException::forInvalidFile()
 2 APPPATH\Controllers\Admin\Gambar.php(110): CodeIgniter\HTTP\Files\UploadedFile->move('img/', '1698561337_7f028ac631d21db4ca0c')
 3 SYSTEMPATH\CodeIgniter.php(942): App\Controllers\Admin\Gambar->save_edit('14')
 4 SYSTEMPATH\CodeIgniter.php(502): CodeIgniter\CodeIgniter->runController(Object(App\Controllers\Admin\Gambar))
 5 SYSTEMPATH\CodeIgniter.php(361): CodeIgniter\CodeIgniter->handleRequest(null, Object(Config\Cache), false)
 6 FCPATH\index.php(79): CodeIgniter\CodeIgniter->run()
CRITICAL - 2023-10-29 06:37:02 --> The original file is not a valid file.
in SYSTEMPATH\HTTP\Files\UploadedFile.php on line 146.
 1 SYSTEMPATH\HTTP\Files\UploadedFile.php(146): CodeIgniter\HTTP\Exceptions\HTTPException::forInvalidFile()
 2 APPPATH\Controllers\Admin\Gambar.php(110): CodeIgniter\HTTP\Files\UploadedFile->move('img/', '1698561422_dd9245af07767d6e9585')
 3 SYSTEMPATH\CodeIgniter.php(942): App\Controllers\Admin\Gambar->save_edit('14')
 4 SYSTEMPATH\CodeIgniter.php(502): CodeIgniter\CodeIgniter->runController(Object(App\Controllers\Admin\Gambar))
 5 SYSTEMPATH\CodeIgniter.php(361): CodeIgniter\CodeIgniter->handleRequest(null, Object(Config\Cache), false)
 6 FCPATH\index.php(79): CodeIgniter\CodeIgniter->run()
CRITICAL - 2023-10-29 07:06:24 --> Undefined variable $id
in APPPATH\Controllers\Admin\Gambar.php on line 37.
 1 APPPATH\Controllers\Admin\Gambar.php(37): CodeIgniter\Debug\Exceptions->errorHandler(2, 'Undefined variable $id', 'C:\\Users\\DELL\\Documents\\project tuto\\kedaiku\\app\\Controllers\\Admin\\Gambar.php', 37)
 2 SYSTEMPATH\CodeIgniter.php(942): App\Controllers\Admin\Gambar->delete('14')
 3 SYSTEMPATH\CodeIgniter.php(502): CodeIgniter\CodeIgniter->runController(Object(App\Controllers\Admin\Gambar))
 4 SYSTEMPATH\CodeIgniter.php(361): CodeIgniter\CodeIgniter->handleRequest(null, Object(Config\Cache), false)
 5 FCPATH\index.php(79): CodeIgniter\CodeIgniter->run()
