CRITICAL - 2023-11-13 02:00:03 --> Undefined array key 0
in APPPATH\Views\ecom-dashboard.php on line 38.
 1 APPPATH\Views\ecom-dashboard.php(38): CodeIgniter\Debug\Exceptions->errorHandler(2, 'Undefined array key 0', 'C:\\Users\\DELL\\Documents\\project tuto\\kedaiku\\app\\Views\\ecom-dashboard.php', 38)
 2 SYSTEMPATH\View\View.php(228): include('C:\\Users\\DELL\\Documents\\project tuto\\kedaiku\\app\\Views\\ecom-dashboard.php')
 3 SYSTEMPATH\View\View.php(231): CodeIgniter\View\View->CodeIgniter\View\{closure}()
 4 SYSTEMPATH\Common.php(1190): CodeIgniter\View\View->render('ecom-dashboard', [], true)
 5 APPPATH\Controllers\Superadmin.php(77): view('ecom-dashboard', [...])
 6 SYSTEMPATH\CodeIgniter.php(942): App\Controllers\Superadmin->index()
 7 SYSTEMPATH\CodeIgniter.php(502): CodeIgniter\CodeIgniter->runController(Object(App\Controllers\Superadmin))
 8 SYSTEMPATH\CodeIgniter.php(361): CodeIgniter\CodeIgniter->handleRequest(null, Object(Config\Cache), false)
 9 FCPATH\index.php(79): CodeIgniter\CodeIgniter->run()
CRITICAL - 2023-11-13 02:01:01 --> Undefined array key 0
in APPPATH\Views\ecom-dashboard.php on line 38.
 1 APPPATH\Views\ecom-dashboard.php(38): CodeIgniter\Debug\Exceptions->errorHandler(2, 'Undefined array key 0', 'C:\\Users\\DELL\\Documents\\project tuto\\kedaiku\\app\\Views\\ecom-dashboard.php', 38)
 2 SYSTEMPATH\View\View.php(228): include('C:\\Users\\DELL\\Documents\\project tuto\\kedaiku\\app\\Views\\ecom-dashboard.php')
 3 SYSTEMPATH\View\View.php(231): CodeIgniter\View\View->CodeIgniter\View\{closure}()
 4 SYSTEMPATH\Common.php(1190): CodeIgniter\View\View->render('ecom-dashboard', [], true)
 5 APPPATH\Controllers\Superadmin.php(77): view('ecom-dashboard', [...])
 6 SYSTEMPATH\CodeIgniter.php(942): App\Controllers\Superadmin->index()
 7 SYSTEMPATH\CodeIgniter.php(502): CodeIgniter\CodeIgniter->runController(Object(App\Controllers\Superadmin))
 8 SYSTEMPATH\CodeIgniter.php(361): CodeIgniter\CodeIgniter->handleRequest(null, Object(Config\Cache), false)
 9 FCPATH\index.php(79): CodeIgniter\CodeIgniter->run()
CRITICAL - 2023-11-13 02:01:35 --> Undefined array key 0
in APPPATH\Views\ecom-dashboard.php on line 38.
 1 APPPATH\Views\ecom-dashboard.php(38): CodeIgniter\Debug\Exceptions->errorHandler(2, 'Undefined array key 0', 'C:\\Users\\DELL\\Documents\\project tuto\\kedaiku\\app\\Views\\ecom-dashboard.php', 38)
 2 SYSTEMPATH\View\View.php(228): include('C:\\Users\\DELL\\Documents\\project tuto\\kedaiku\\app\\Views\\ecom-dashboard.php')
 3 SYSTEMPATH\View\View.php(231): CodeIgniter\View\View->CodeIgniter\View\{closure}()
 4 SYSTEMPATH\Common.php(1190): CodeIgniter\View\View->render('ecom-dashboard', [], true)
 5 APPPATH\Controllers\Superadmin.php(77): view('ecom-dashboard', [...])
 6 SYSTEMPATH\CodeIgniter.php(942): App\Controllers\Superadmin->index()
 7 SYSTEMPATH\CodeIgniter.php(502): CodeIgniter\CodeIgniter->runController(Object(App\Controllers\Superadmin))
 8 SYSTEMPATH\CodeIgniter.php(361): CodeIgniter\CodeIgniter->handleRequest(null, Object(Config\Cache), false)
 9 FCPATH\index.php(79): CodeIgniter\CodeIgniter->run()
CRITICAL - 2023-11-13 02:01:55 --> Undefined array key 0
in APPPATH\Views\ecom-dashboard.php on line 38.
 1 APPPATH\Views\ecom-dashboard.php(38): CodeIgniter\Debug\Exceptions->errorHandler(2, 'Undefined array key 0', 'C:\\Users\\DELL\\Documents\\project tuto\\kedaiku\\app\\Views\\ecom-dashboard.php', 38)
 2 SYSTEMPATH\View\View.php(228): include('C:\\Users\\DELL\\Documents\\project tuto\\kedaiku\\app\\Views\\ecom-dashboard.php')
 3 SYSTEMPATH\View\View.php(231): CodeIgniter\View\View->CodeIgniter\View\{closure}()
 4 SYSTEMPATH\Common.php(1190): CodeIgniter\View\View->render('ecom-dashboard', [], true)
 5 APPPATH\Controllers\Superadmin.php(77): view('ecom-dashboard', [...])
 6 SYSTEMPATH\CodeIgniter.php(942): App\Controllers\Superadmin->index()
 7 SYSTEMPATH\CodeIgniter.php(502): CodeIgniter\CodeIgniter->runController(Object(App\Controllers\Superadmin))
 8 SYSTEMPATH\CodeIgniter.php(361): CodeIgniter\CodeIgniter->handleRequest(null, Object(Config\Cache), false)
 9 FCPATH\index.php(79): CodeIgniter\CodeIgniter->run()
CRITICAL - 2023-11-13 02:02:05 --> Undefined array key 0
in APPPATH\Views\ecom-dashboard.php on line 38.
 1 APPPATH\Views\ecom-dashboard.php(38): CodeIgniter\Debug\Exceptions->errorHandler(2, 'Undefined array key 0', 'C:\\Users\\DELL\\Documents\\project tuto\\kedaiku\\app\\Views\\ecom-dashboard.php', 38)
 2 SYSTEMPATH\View\View.php(228): include('C:\\Users\\DELL\\Documents\\project tuto\\kedaiku\\app\\Views\\ecom-dashboard.php')
 3 SYSTEMPATH\View\View.php(231): CodeIgniter\View\View->CodeIgniter\View\{closure}()
 4 SYSTEMPATH\Common.php(1190): CodeIgniter\View\View->render('ecom-dashboard', [], true)
 5 APPPATH\Controllers\Superadmin.php(77): view('ecom-dashboard', [...])
 6 SYSTEMPATH\CodeIgniter.php(942): App\Controllers\Superadmin->index()
 7 SYSTEMPATH\CodeIgniter.php(502): CodeIgniter\CodeIgniter->runController(Object(App\Controllers\Superadmin))
 8 SYSTEMPATH\CodeIgniter.php(361): CodeIgniter\CodeIgniter->handleRequest(null, Object(Config\Cache), false)
 9 FCPATH\index.php(79): CodeIgniter\CodeIgniter->run()
CRITICAL - 2023-11-13 02:03:56 --> Undefined array key 0
in APPPATH\Views\ecom-dashboard.php on line 38.
 1 APPPATH\Views\ecom-dashboard.php(38): CodeIgniter\Debug\Exceptions->errorHandler(2, 'Undefined array key 0', 'C:\\Users\\DELL\\Documents\\project tuto\\kedaiku\\app\\Views\\ecom-dashboard.php', 38)
 2 SYSTEMPATH\View\View.php(228): include('C:\\Users\\DELL\\Documents\\project tuto\\kedaiku\\app\\Views\\ecom-dashboard.php')
 3 SYSTEMPATH\View\View.php(231): CodeIgniter\View\View->CodeIgniter\View\{closure}()
 4 SYSTEMPATH\Common.php(1190): CodeIgniter\View\View->render('ecom-dashboard', [], true)
 5 APPPATH\Controllers\Superadmin.php(77): view('ecom-dashboard', [...])
 6 SYSTEMPATH\CodeIgniter.php(942): App\Controllers\Superadmin->index()
 7 SYSTEMPATH\CodeIgniter.php(502): CodeIgniter\CodeIgniter->runController(Object(App\Controllers\Superadmin))
 8 SYSTEMPATH\CodeIgniter.php(361): CodeIgniter\CodeIgniter->handleRequest(null, Object(Config\Cache), false)
 9 FCPATH\index.php(79): CodeIgniter\CodeIgniter->run()
ERROR - 2023-11-13 04:05:11 --> mysqli_sql_exception: Incorrect parameter count in the call to native function 'DATE_FORMAT' in C:\Users\DELL\Documents\project tuto\kedaiku\system\Database\MySQLi\Connection.php:306
Stack trace:
#0 C:\Users\DELL\Documents\project tuto\kedaiku\system\Database\MySQLi\Connection.php(306): mysqli->query('SELECT \n\t\t\tDATE...', 0)
#1 C:\Users\DELL\Documents\project tuto\kedaiku\system\Database\BaseConnection.php(693): CodeIgniter\Database\MySQLi\Connection->execute('SELECT \n\t\t\tDATE...')
#2 C:\Users\DELL\Documents\project tuto\kedaiku\system\Database\BaseConnection.php(607): CodeIgniter\Database\BaseConnection->simpleQuery('SELECT \n\t\t\tDATE...')
#3 C:\Users\DELL\Documents\project tuto\kedaiku\app\Controllers\Superadmin.php(71): CodeIgniter\Database\BaseConnection->query('SELECT \n\t\t\tDATE...')
#4 C:\Users\DELL\Documents\project tuto\kedaiku\system\CodeIgniter.php(942): App\Controllers\Superadmin->index()
#5 C:\Users\DELL\Documents\project tuto\kedaiku\system\CodeIgniter.php(502): CodeIgniter\CodeIgniter->runController(Object(App\Controllers\Superadmin))
#6 C:\Users\DELL\Documents\project tuto\kedaiku\system\CodeIgniter.php(361): CodeIgniter\CodeIgniter->handleRequest(NULL, Object(Config\Cache), false)
#7 C:\Users\DELL\Documents\project tuto\kedaiku\public\index.php(79): CodeIgniter\CodeIgniter->run()
#8 {main}
CRITICAL - 2023-11-13 04:05:11 --> Incorrect parameter count in the call to native function 'DATE_FORMAT'
in SYSTEMPATH\Database\BaseConnection.php on line 647.
 1 APPPATH\Controllers\Superadmin.php(71): CodeIgniter\Database\BaseConnection->query('SELECT 
			DATE_FORMAT(created_at) AS "day_date",
			SUM(orders.total_amount) AS "main_total",
			COUNT(*) AS "total_orders"
			FROM orders
			WHERE
				orders.created_at >= "2023-11-01 00:00:00"
				AND orders.created_at <= "2023-11-30 23:59:59"
			GROUP BY DATE_FORMAT(created_at)
			ORDER BY day_date ASC;')
 2 SYSTEMPATH\CodeIgniter.php(942): App\Controllers\Superadmin->index()
 3 SYSTEMPATH\CodeIgniter.php(502): CodeIgniter\CodeIgniter->runController(Object(App\Controllers\Superadmin))
 4 SYSTEMPATH\CodeIgniter.php(361): CodeIgniter\CodeIgniter->handleRequest(null, Object(Config\Cache), false)
 5 FCPATH\index.php(79): CodeIgniter\CodeIgniter->run()
ERROR - 2023-11-13 04:05:33 --> mysqli_sql_exception: Incorrect parameter count in the call to native function 'DATE_FORMAT' in C:\Users\DELL\Documents\project tuto\kedaiku\system\Database\MySQLi\Connection.php:306
Stack trace:
#0 C:\Users\DELL\Documents\project tuto\kedaiku\system\Database\MySQLi\Connection.php(306): mysqli->query('SELECT \n\t\t\tDATE...', 0)
#1 C:\Users\DELL\Documents\project tuto\kedaiku\system\Database\BaseConnection.php(693): CodeIgniter\Database\MySQLi\Connection->execute('SELECT \n\t\t\tDATE...')
#2 C:\Users\DELL\Documents\project tuto\kedaiku\system\Database\BaseConnection.php(607): CodeIgniter\Database\BaseConnection->simpleQuery('SELECT \n\t\t\tDATE...')
#3 C:\Users\DELL\Documents\project tuto\kedaiku\app\Controllers\Superadmin.php(71): CodeIgniter\Database\BaseConnection->query('SELECT \n\t\t\tDATE...')
#4 C:\Users\DELL\Documents\project tuto\kedaiku\system\CodeIgniter.php(942): App\Controllers\Superadmin->index()
#5 C:\Users\DELL\Documents\project tuto\kedaiku\system\CodeIgniter.php(502): CodeIgniter\CodeIgniter->runController(Object(App\Controllers\Superadmin))
#6 C:\Users\DELL\Documents\project tuto\kedaiku\system\CodeIgniter.php(361): CodeIgniter\CodeIgniter->handleRequest(NULL, Object(Config\Cache), false)
#7 C:\Users\DELL\Documents\project tuto\kedaiku\public\index.php(79): CodeIgniter\CodeIgniter->run()
#8 {main}
CRITICAL - 2023-11-13 04:05:33 --> Incorrect parameter count in the call to native function 'DATE_FORMAT'
in SYSTEMPATH\Database\BaseConnection.php on line 647.
 1 APPPATH\Controllers\Superadmin.php(71): CodeIgniter\Database\BaseConnection->query('SELECT 
			DATE_FORMAT(created_at) AS "day_date",
			SUM(orders.total_amount) AS "main_total",
			COUNT(*) AS "total_orders"
			FROM orders
			WHERE
				orders.created_at >= "2023-11-01 00:00:00"
				AND orders.created_at <= "2023-11-30 23:59:59"
			GROUP BY DATE(created_at)
			ORDER BY day_date ASC;')
 2 SYSTEMPATH\CodeIgniter.php(942): App\Controllers\Superadmin->index()
 3 SYSTEMPATH\CodeIgniter.php(502): CodeIgniter\CodeIgniter->runController(Object(App\Controllers\Superadmin))
 4 SYSTEMPATH\CodeIgniter.php(361): CodeIgniter\CodeIgniter->handleRequest(null, Object(Config\Cache), false)
 5 FCPATH\index.php(79): CodeIgniter\CodeIgniter->run()
ERROR - 2023-11-13 04:05:36 --> mysqli_sql_exception: Incorrect parameter count in the call to native function 'DATE_FORMAT' in C:\Users\DELL\Documents\project tuto\kedaiku\system\Database\MySQLi\Connection.php:306
Stack trace:
#0 C:\Users\DELL\Documents\project tuto\kedaiku\system\Database\MySQLi\Connection.php(306): mysqli->query('SELECT \n\t\t\tDATE...', 0)
#1 C:\Users\DELL\Documents\project tuto\kedaiku\system\Database\BaseConnection.php(693): CodeIgniter\Database\MySQLi\Connection->execute('SELECT \n\t\t\tDATE...')
#2 C:\Users\DELL\Documents\project tuto\kedaiku\system\Database\BaseConnection.php(607): CodeIgniter\Database\BaseConnection->simpleQuery('SELECT \n\t\t\tDATE...')
#3 C:\Users\DELL\Documents\project tuto\kedaiku\app\Controllers\Superadmin.php(71): CodeIgniter\Database\BaseConnection->query('SELECT \n\t\t\tDATE...')
#4 C:\Users\DELL\Documents\project tuto\kedaiku\system\CodeIgniter.php(942): App\Controllers\Superadmin->index()
#5 C:\Users\DELL\Documents\project tuto\kedaiku\system\CodeIgniter.php(502): CodeIgniter\CodeIgniter->runController(Object(App\Controllers\Superadmin))
#6 C:\Users\DELL\Documents\project tuto\kedaiku\system\CodeIgniter.php(361): CodeIgniter\CodeIgniter->handleRequest(NULL, Object(Config\Cache), false)
#7 C:\Users\DELL\Documents\project tuto\kedaiku\public\index.php(79): CodeIgniter\CodeIgniter->run()
#8 {main}
CRITICAL - 2023-11-13 04:05:36 --> Incorrect parameter count in the call to native function 'DATE_FORMAT'
in SYSTEMPATH\Database\BaseConnection.php on line 647.
 1 APPPATH\Controllers\Superadmin.php(71): CodeIgniter\Database\BaseConnection->query('SELECT 
			DATE_FORMAT(created_at) AS "day_date",
			SUM(orders.total_amount) AS "main_total",
			COUNT(*) AS "total_orders"
			FROM orders
			WHERE
				orders.created_at >= "2023-11-01 00:00:00"
				AND orders.created_at <= "2023-11-30 23:59:59"
			GROUP BY DATE(created_at)
			ORDER BY day_date ASC;')
 2 SYSTEMPATH\CodeIgniter.php(942): App\Controllers\Superadmin->index()
 3 SYSTEMPATH\CodeIgniter.php(502): CodeIgniter\CodeIgniter->runController(Object(App\Controllers\Superadmin))
 4 SYSTEMPATH\CodeIgniter.php(361): CodeIgniter\CodeIgniter->handleRequest(null, Object(Config\Cache), false)
 5 FCPATH\index.php(79): CodeIgniter\CodeIgniter->run()
CRITICAL - 2023-11-13 04:15:42 --> syntax error, unexpected identifier "Total"
in APPPATH\Controllers\Superadmin.php on line 67.
 1 SYSTEMPATH\Autoloader\Autoloader.php(291): CodeIgniter\Autoloader\Autoloader->includeFile('C:\\Users\\DELL\\Documents\\project tuto\\kedaiku\\app\\Controllers\\superadmin.php')
 2 SYSTEMPATH\Autoloader\Autoloader.php(269): CodeIgniter\Autoloader\Autoloader->loadInNamespace('App\\Controllers\\superadmin')
 3 [internal function]: CodeIgniter\Autoloader\Autoloader->loadClass('App\\Controllers\\superadmin')
 4 SYSTEMPATH\CodeIgniter.php(900): class_exists('\\App\\Controllers\\superadmin', true)
 5 SYSTEMPATH\CodeIgniter.php(489): CodeIgniter\CodeIgniter->startController()
 6 SYSTEMPATH\CodeIgniter.php(361): CodeIgniter\CodeIgniter->handleRequest(null, Object(Config\Cache), false)
 7 FCPATH\index.php(79): CodeIgniter\CodeIgniter->run()
CRITICAL - 2023-11-13 08:48:27 --> Undefined variable $default_title
in APPPATH\Views\templates\front_layout.php on line 7.
 1 APPPATH\Views\templates\front_layout.php(7): CodeIgniter\Debug\Exceptions->errorHandler(2, 'Undefined variable $default_title', 'C:\\Users\\DELL\\Documents\\project tuto\\kedaiku\\app\\Views\\templates\\front_layout.php', 7)
 2 SYSTEMPATH\View\View.php(228): include('C:\\Users\\DELL\\Documents\\project tuto\\kedaiku\\app\\Views\\templates\\front_layout.php')
 3 SYSTEMPATH\View\View.php(231): CodeIgniter\View\View->CodeIgniter\View\{closure}()
 4 SYSTEMPATH\View\View.php(244): CodeIgniter\View\View->render('templates/front_layout', [], true)
 5 SYSTEMPATH\Common.php(1190): CodeIgniter\View\View->render('produk_homepage', [], true)
 6 APPPATH\Controllers\Admin\Produk.php(28): view('produk_homepage', [...])
 7 SYSTEMPATH\CodeIgniter.php(942): App\Controllers\Admin\Produk->homepage()
 8 SYSTEMPATH\CodeIgniter.php(502): CodeIgniter\CodeIgniter->runController(Object(App\Controllers\Admin\Produk))
 9 SYSTEMPATH\CodeIgniter.php(361): CodeIgniter\CodeIgniter->handleRequest(null, Object(Config\Cache), false)
10 FCPATH\index.php(79): CodeIgniter\CodeIgniter->run()
CRITICAL - 2023-11-13 08:48:43 --> Undefined variable $defaultTitle
in APPPATH\Views\templates\front_layout.php on line 7.
 1 APPPATH\Views\templates\front_layout.php(7): CodeIgniter\Debug\Exceptions->errorHandler(2, 'Undefined variable $defaultTitle', 'C:\\Users\\DELL\\Documents\\project tuto\\kedaiku\\app\\Views\\templates\\front_layout.php', 7)
 2 SYSTEMPATH\View\View.php(228): include('C:\\Users\\DELL\\Documents\\project tuto\\kedaiku\\app\\Views\\templates\\front_layout.php')
 3 SYSTEMPATH\View\View.php(231): CodeIgniter\View\View->CodeIgniter\View\{closure}()
 4 SYSTEMPATH\View\View.php(244): CodeIgniter\View\View->render('templates/front_layout', [], true)
 5 SYSTEMPATH\Common.php(1190): CodeIgniter\View\View->render('produk_homepage', [], true)
 6 APPPATH\Controllers\Admin\Produk.php(28): view('produk_homepage', [...])
 7 SYSTEMPATH\CodeIgniter.php(942): App\Controllers\Admin\Produk->homepage()
 8 SYSTEMPATH\CodeIgniter.php(502): CodeIgniter\CodeIgniter->runController(Object(App\Controllers\Admin\Produk))
 9 SYSTEMPATH\CodeIgniter.php(361): CodeIgniter\CodeIgniter->handleRequest(null, Object(Config\Cache), false)
10 FCPATH\index.php(79): CodeIgniter\CodeIgniter->run()
CRITICAL - 2023-11-13 08:49:34 --> Undefined variable $default_title
in APPPATH\Views\templates\front_layout.php on line 7.
 1 APPPATH\Views\templates\front_layout.php(7): CodeIgniter\Debug\Exceptions->errorHandler(2, 'Undefined variable $default_title', 'C:\\Users\\DELL\\Documents\\project tuto\\kedaiku\\app\\Views\\templates\\front_layout.php', 7)
 2 SYSTEMPATH\View\View.php(228): include('C:\\Users\\DELL\\Documents\\project tuto\\kedaiku\\app\\Views\\templates\\front_layout.php')
 3 SYSTEMPATH\View\View.php(231): CodeIgniter\View\View->CodeIgniter\View\{closure}()
 4 SYSTEMPATH\View\View.php(244): CodeIgniter\View\View->render('templates/front_layout', [], true)
 5 SYSTEMPATH\Common.php(1190): CodeIgniter\View\View->render('produk_homepage', [], true)
 6 APPPATH\Controllers\Admin\Produk.php(28): view('produk_homepage', [...])
 7 SYSTEMPATH\CodeIgniter.php(942): App\Controllers\Admin\Produk->homepage()
 8 SYSTEMPATH\CodeIgniter.php(502): CodeIgniter\CodeIgniter->runController(Object(App\Controllers\Admin\Produk))
 9 SYSTEMPATH\CodeIgniter.php(361): CodeIgniter\CodeIgniter->handleRequest(null, Object(Config\Cache), false)
10 FCPATH\index.php(79): CodeIgniter\CodeIgniter->run()
