CRITICAL - 2023-11-14 01:07:46 --> Undefined constant "Config\yes"
in APPPATH\Libraries\AuthLibrary.php on line 39.
 1 APPPATH\Controllers\Auth.php(29): App\Libraries\AuthLibrary->__construct()
 2 SYSTEMPATH\CodeIgniter.php(914): App\Controllers\Auth->__construct()
 3 SYSTEMPATH\CodeIgniter.php(493): CodeIgniter\CodeIgniter->createController()
 4 SYSTEMPATH\CodeIgniter.php(361): CodeIgniter\CodeIgniter->handleRequest(null, Object(Config\Cache), false)
 5 FCPATH\index.php(79): CodeIgniter\CodeIgniter->run()
ERROR - 2023-11-14 02:01:48 --> Email: Unable to send email using SMTP. Your server might not be configured to send mail using this method.
ERROR - 2023-11-14 02:01:48 --> 220 send.smtp.mailtrap.io ESMTP

hello: 250-send.smtp.mailtrap.io
250-PIPELINING
250-SIZE 31457280
250-STARTTLS
250-ENHANCEDSTATUSCODES
250 8BITMIME

starttls: 220 2.0.0 Ready to start TLS

hello: 250-send.smtp.mailtrap.io
250-PIPELINING
250-SIZE 31457280
250-AUTH LOGIN PLAIN
250-ENHANCEDSTATUSCODES
250 8BITMIME

from: 550 5.7.1 Sending from domain gmail.com is not allowed

The following SMTP error was encountered: 550 5.7.1 Sending from domain gmail.com is not allowed

quit: 221 2.0.0 Bye

CRITICAL - 2023-11-14 04:16:08 --> Undefined variable $default_title
in APPPATH\Views\templates\front_layout.php on line 7.
 1 APPPATH\Views\templates\front_layout.php(7): CodeIgniter\Debug\Exceptions->errorHandler(2, 'Undefined variable $default_title', 'C:\\Users\\DELL\\Documents\\project tuto\\kedaiku\\app\\Views\\templates\\front_layout.php', 7)
 2 SYSTEMPATH\View\View.php(228): include('C:\\Users\\DELL\\Documents\\project tuto\\kedaiku\\app\\Views\\templates\\front_layout.php')
 3 SYSTEMPATH\View\View.php(231): CodeIgniter\View\View->CodeIgniter\View\{closure}()
 4 SYSTEMPATH\View\View.php(244): CodeIgniter\View\View->render('templates/front_layout', [], true)
 5 SYSTEMPATH\Common.php(1190): CodeIgniter\View\View->render('bakul', [], true)
 6 APPPATH\Controllers\Admin\Bakul.php(17): view('bakul')
 7 SYSTEMPATH\CodeIgniter.php(942): App\Controllers\Admin\Bakul->index()
 8 SYSTEMPATH\CodeIgniter.php(502): CodeIgniter\CodeIgniter->runController(Object(App\Controllers\Admin\Bakul))
 9 SYSTEMPATH\CodeIgniter.php(361): CodeIgniter\CodeIgniter->handleRequest(null, Object(Config\Cache), false)
10 FCPATH\index.php(79): CodeIgniter\CodeIgniter->run()
CRITICAL - 2023-11-14 04:20:24 --> Undefined array key 1
in APPPATH\Controllers\Admin\Checkout.php on line 217.
 1 APPPATH\Controllers\Admin\Checkout.php(217): CodeIgniter\Debug\Exceptions->errorHandler(2, 'Undefined array key 1', 'C:\\Users\\DELL\\Documents\\project tuto\\kedaiku\\app\\Controllers\\Admin\\Checkout.php', 217)
 2 SYSTEMPATH\CodeIgniter.php(942): App\Controllers\Admin\Checkout->redirect('securepay')
 3 SYSTEMPATH\CodeIgniter.php(502): CodeIgniter\CodeIgniter->runController(Object(App\Controllers\Admin\Checkout))
 4 SYSTEMPATH\CodeIgniter.php(361): CodeIgniter\CodeIgniter->handleRequest(null, Object(Config\Cache), false)
 5 FCPATH\index.php(79): CodeIgniter\CodeIgniter->run()
CRITICAL - 2023-11-14 04:41:51 --> Undefined array key "cart"
in APPPATH\Controllers\Admin\Checkout.php on line 124.
 1 APPPATH\Controllers\Admin\Checkout.php(124): CodeIgniter\Debug\Exceptions->errorHandler(2, 'Undefined array key "cart"', 'C:\\Users\\DELL\\Documents\\project tuto\\kedaiku\\app\\Controllers\\Admin\\Checkout.php', 124)
 2 SYSTEMPATH\CodeIgniter.php(942): App\Controllers\Admin\Checkout->process_checkout()
 3 SYSTEMPATH\CodeIgniter.php(502): CodeIgniter\CodeIgniter->runController(Object(App\Controllers\Admin\Checkout))
 4 SYSTEMPATH\CodeIgniter.php(361): CodeIgniter\CodeIgniter->handleRequest(null, Object(Config\Cache), false)
 5 FCPATH\index.php(79): CodeIgniter\CodeIgniter->run()
CRITICAL - 2023-11-14 06:15:30 --> Cannot use [] for reading
in APPPATH\Controllers\Admin\Checkout.php on line 229.
 1 SYSTEMPATH\CodeIgniter.php(942): App\Controllers\Admin\Checkout->redirect('securepay')
 2 SYSTEMPATH\CodeIgniter.php(502): CodeIgniter\CodeIgniter->runController(Object(App\Controllers\Admin\Checkout))
 3 SYSTEMPATH\CodeIgniter.php(361): CodeIgniter\CodeIgniter->handleRequest(null, Object(Config\Cache), false)
 4 FCPATH\index.php(79): CodeIgniter\CodeIgniter->run()
