CRITICAL - 2023-10-26 06:25:49 --> Undefined variable $db
in APPPATH\Controllers\Admin\Dashboard.php on line 46.
 1 APPPATH\Controllers\Admin\Dashboard.php(46): CodeIgniter\Debug\Exceptions->errorHandler(2, 'Undefined variable $db', 'C:\\Users\\DELL\\Documents\\project tuto\\kedaiku\\app\\Controllers\\Admin\\Dashboard.php', 46)
 2 SYSTEMPATH\CodeIgniter.php(942): App\Controllers\Admin\Dashboard->index()
 3 SYSTEMPATH\CodeIgniter.php(502): CodeIgniter\CodeIgniter->runController(Object(App\Controllers\Admin\Dashboard))
 4 SYSTEMPATH\CodeIgniter.php(361): CodeIgniter\CodeIgniter->handleRequest(null, Object(Config\Cache), false)
 5 FCPATH\index.php(79): CodeIgniter\CodeIgniter->run()
ERROR - 2023-10-26 06:28:32 --> Error connecting to the database: mysqli_sql_exception: Access denied for user ''@'localhost' (using password: YES) in C:\Users\DELL\Documents\project tuto\kedaiku\system\Database\MySQLi\Connection.php:185
Stack trace:
#0 C:\Users\DELL\Documents\project tuto\kedaiku\system\Database\MySQLi\Connection.php(185): mysqli->real_connect('localhost', '', '', '', 3306, '', 0)
#1 C:\Users\DELL\Documents\project tuto\kedaiku\system\Database\BaseConnection.php(392): CodeIgniter\Database\MySQLi\Connection->connect(false)
#2 C:\Users\DELL\Documents\project tuto\kedaiku\system\Database\BaseConnection.php(575): CodeIgniter\Database\BaseConnection->initialize()
#3 C:\Users\DELL\Documents\project tuto\kedaiku\app\Controllers\Admin\Dashboard.php(48): CodeIgniter\Database\BaseConnection->query('SELECT * FROM g...')
#4 C:\Users\DELL\Documents\project tuto\kedaiku\system\CodeIgniter.php(942): App\Controllers\Admin\Dashboard->index()
#5 C:\Users\DELL\Documents\project tuto\kedaiku\system\CodeIgniter.php(502): CodeIgniter\CodeIgniter->runController(Object(App\Controllers\Admin\Dashboard))
#6 C:\Users\DELL\Documents\project tuto\kedaiku\system\CodeIgniter.php(361): CodeIgniter\CodeIgniter->handleRequest(NULL, Object(Config\Cache), false)
#7 C:\Users\DELL\Documents\project tuto\kedaiku\public\index.php(79): CodeIgniter\CodeIgniter->run()
#8 {main}

Next CodeIgniter\Database\Exceptions\DatabaseException: Access denied for user ''@'localhost' (using password: YES) in C:\Users\DELL\Documents\project tuto\kedaiku\system\Database\MySQLi\Connection.php:229
Stack trace:
#0 C:\Users\DELL\Documents\project tuto\kedaiku\system\Database\BaseConnection.php(392): CodeIgniter\Database\MySQLi\Connection->connect(false)
#1 C:\Users\DELL\Documents\project tuto\kedaiku\system\Database\BaseConnection.php(575): CodeIgniter\Database\BaseConnection->initialize()
#2 C:\Users\DELL\Documents\project tuto\kedaiku\app\Controllers\Admin\Dashboard.php(48): CodeIgniter\Database\BaseConnection->query('SELECT * FROM g...')
#3 C:\Users\DELL\Documents\project tuto\kedaiku\system\CodeIgniter.php(942): App\Controllers\Admin\Dashboard->index()
#4 C:\Users\DELL\Documents\project tuto\kedaiku\system\CodeIgniter.php(502): CodeIgniter\CodeIgniter->runController(Object(App\Controllers\Admin\Dashboard))
#5 C:\Users\DELL\Documents\project tuto\kedaiku\system\CodeIgniter.php(361): CodeIgniter\CodeIgniter->handleRequest(NULL, Object(Config\Cache), false)
#6 C:\Users\DELL\Documents\project tuto\kedaiku\public\index.php(79): CodeIgniter\CodeIgniter->run()
#7 {main}
CRITICAL - 2023-10-26 06:28:32 --> Unable to connect to the database.
Main connection [MySQLi]: Access denied for user ''@'localhost' (using password: YES)
in SYSTEMPATH\Database\BaseConnection.php on line 428.
 1 SYSTEMPATH\Database\BaseConnection.php(575): CodeIgniter\Database\BaseConnection->initialize()
 2 APPPATH\Controllers\Admin\Dashboard.php(48): CodeIgniter\Database\BaseConnection->query('SELECT * FROM gambar')
 3 SYSTEMPATH\CodeIgniter.php(942): App\Controllers\Admin\Dashboard->index()
 4 SYSTEMPATH\CodeIgniter.php(502): CodeIgniter\CodeIgniter->runController(Object(App\Controllers\Admin\Dashboard))
 5 SYSTEMPATH\CodeIgniter.php(361): CodeIgniter\CodeIgniter->handleRequest(null, Object(Config\Cache), false)
 6 FCPATH\index.php(79): CodeIgniter\CodeIgniter->run()
ERROR - 2023-10-26 06:29:03 --> Error connecting to the database: mysqli_sql_exception: Access denied for user ''@'localhost' (using password: YES) in C:\Users\DELL\Documents\project tuto\kedaiku\system\Database\MySQLi\Connection.php:185
Stack trace:
#0 C:\Users\DELL\Documents\project tuto\kedaiku\system\Database\MySQLi\Connection.php(185): mysqli->real_connect('localhost', '', '', '', 3306, '', 0)
#1 C:\Users\DELL\Documents\project tuto\kedaiku\system\Database\BaseConnection.php(392): CodeIgniter\Database\MySQLi\Connection->connect(false)
#2 C:\Users\DELL\Documents\project tuto\kedaiku\system\Database\BaseConnection.php(575): CodeIgniter\Database\BaseConnection->initialize()
#3 C:\Users\DELL\Documents\project tuto\kedaiku\app\Controllers\Admin\Dashboard.php(48): CodeIgniter\Database\BaseConnection->query('SELECT * FROM g...')
#4 C:\Users\DELL\Documents\project tuto\kedaiku\system\CodeIgniter.php(942): App\Controllers\Admin\Dashboard->index()
#5 C:\Users\DELL\Documents\project tuto\kedaiku\system\CodeIgniter.php(502): CodeIgniter\CodeIgniter->runController(Object(App\Controllers\Admin\Dashboard))
#6 C:\Users\DELL\Documents\project tuto\kedaiku\system\CodeIgniter.php(361): CodeIgniter\CodeIgniter->handleRequest(NULL, Object(Config\Cache), false)
#7 C:\Users\DELL\Documents\project tuto\kedaiku\public\index.php(79): CodeIgniter\CodeIgniter->run()
#8 {main}

Next CodeIgniter\Database\Exceptions\DatabaseException: Access denied for user ''@'localhost' (using password: YES) in C:\Users\DELL\Documents\project tuto\kedaiku\system\Database\MySQLi\Connection.php:229
Stack trace:
#0 C:\Users\DELL\Documents\project tuto\kedaiku\system\Database\BaseConnection.php(392): CodeIgniter\Database\MySQLi\Connection->connect(false)
#1 C:\Users\DELL\Documents\project tuto\kedaiku\system\Database\BaseConnection.php(575): CodeIgniter\Database\BaseConnection->initialize()
#2 C:\Users\DELL\Documents\project tuto\kedaiku\app\Controllers\Admin\Dashboard.php(48): CodeIgniter\Database\BaseConnection->query('SELECT * FROM g...')
#3 C:\Users\DELL\Documents\project tuto\kedaiku\system\CodeIgniter.php(942): App\Controllers\Admin\Dashboard->index()
#4 C:\Users\DELL\Documents\project tuto\kedaiku\system\CodeIgniter.php(502): CodeIgniter\CodeIgniter->runController(Object(App\Controllers\Admin\Dashboard))
#5 C:\Users\DELL\Documents\project tuto\kedaiku\system\CodeIgniter.php(361): CodeIgniter\CodeIgniter->handleRequest(NULL, Object(Config\Cache), false)
#6 C:\Users\DELL\Documents\project tuto\kedaiku\public\index.php(79): CodeIgniter\CodeIgniter->run()
#7 {main}
CRITICAL - 2023-10-26 06:29:03 --> Unable to connect to the database.
Main connection [MySQLi]: Access denied for user ''@'localhost' (using password: YES)
in SYSTEMPATH\Database\BaseConnection.php on line 428.
 1 SYSTEMPATH\Database\BaseConnection.php(575): CodeIgniter\Database\BaseConnection->initialize()
 2 APPPATH\Controllers\Admin\Dashboard.php(48): CodeIgniter\Database\BaseConnection->query('SELECT * FROM gambar')
 3 SYSTEMPATH\CodeIgniter.php(942): App\Controllers\Admin\Dashboard->index()
 4 SYSTEMPATH\CodeIgniter.php(502): CodeIgniter\CodeIgniter->runController(Object(App\Controllers\Admin\Dashboard))
 5 SYSTEMPATH\CodeIgniter.php(361): CodeIgniter\CodeIgniter->handleRequest(null, Object(Config\Cache), false)
 6 FCPATH\index.php(79): CodeIgniter\CodeIgniter->run()
ERROR - 2023-10-26 06:31:04 --> Error connecting to the database: mysqli_sql_exception: Access denied for user ''@'localhost' (using password: YES) in C:\Users\DELL\Documents\project tuto\kedaiku\system\Database\MySQLi\Connection.php:185
Stack trace:
#0 C:\Users\DELL\Documents\project tuto\kedaiku\system\Database\MySQLi\Connection.php(185): mysqli->real_connect('localhost', '', '', '', 3306, '', 0)
#1 C:\Users\DELL\Documents\project tuto\kedaiku\system\Database\BaseConnection.php(392): CodeIgniter\Database\MySQLi\Connection->connect(false)
#2 C:\Users\DELL\Documents\project tuto\kedaiku\system\Database\BaseConnection.php(575): CodeIgniter\Database\BaseConnection->initialize()
#3 C:\Users\DELL\Documents\project tuto\kedaiku\app\Controllers\Admin\Dashboard.php(48): CodeIgniter\Database\BaseConnection->query('SELECT * FROM g...')
#4 C:\Users\DELL\Documents\project tuto\kedaiku\system\CodeIgniter.php(942): App\Controllers\Admin\Dashboard->index()
#5 C:\Users\DELL\Documents\project tuto\kedaiku\system\CodeIgniter.php(502): CodeIgniter\CodeIgniter->runController(Object(App\Controllers\Admin\Dashboard))
#6 C:\Users\DELL\Documents\project tuto\kedaiku\system\CodeIgniter.php(361): CodeIgniter\CodeIgniter->handleRequest(NULL, Object(Config\Cache), false)
#7 C:\Users\DELL\Documents\project tuto\kedaiku\public\index.php(79): CodeIgniter\CodeIgniter->run()
#8 {main}

Next CodeIgniter\Database\Exceptions\DatabaseException: Access denied for user ''@'localhost' (using password: YES) in C:\Users\DELL\Documents\project tuto\kedaiku\system\Database\MySQLi\Connection.php:229
Stack trace:
#0 C:\Users\DELL\Documents\project tuto\kedaiku\system\Database\BaseConnection.php(392): CodeIgniter\Database\MySQLi\Connection->connect(false)
#1 C:\Users\DELL\Documents\project tuto\kedaiku\system\Database\BaseConnection.php(575): CodeIgniter\Database\BaseConnection->initialize()
#2 C:\Users\DELL\Documents\project tuto\kedaiku\app\Controllers\Admin\Dashboard.php(48): CodeIgniter\Database\BaseConnection->query('SELECT * FROM g...')
#3 C:\Users\DELL\Documents\project tuto\kedaiku\system\CodeIgniter.php(942): App\Controllers\Admin\Dashboard->index()
#4 C:\Users\DELL\Documents\project tuto\kedaiku\system\CodeIgniter.php(502): CodeIgniter\CodeIgniter->runController(Object(App\Controllers\Admin\Dashboard))
#5 C:\Users\DELL\Documents\project tuto\kedaiku\system\CodeIgniter.php(361): CodeIgniter\CodeIgniter->handleRequest(NULL, Object(Config\Cache), false)
#6 C:\Users\DELL\Documents\project tuto\kedaiku\public\index.php(79): CodeIgniter\CodeIgniter->run()
#7 {main}
CRITICAL - 2023-10-26 06:31:04 --> Unable to connect to the database.
Main connection [MySQLi]: Access denied for user ''@'localhost' (using password: YES)
in SYSTEMPATH\Database\BaseConnection.php on line 428.
 1 SYSTEMPATH\Database\BaseConnection.php(575): CodeIgniter\Database\BaseConnection->initialize()
 2 APPPATH\Controllers\Admin\Dashboard.php(48): CodeIgniter\Database\BaseConnection->query('SELECT * FROM gambar')
 3 SYSTEMPATH\CodeIgniter.php(942): App\Controllers\Admin\Dashboard->index()
 4 SYSTEMPATH\CodeIgniter.php(502): CodeIgniter\CodeIgniter->runController(Object(App\Controllers\Admin\Dashboard))
 5 SYSTEMPATH\CodeIgniter.php(361): CodeIgniter\CodeIgniter->handleRequest(null, Object(Config\Cache), false)
 6 FCPATH\index.php(79): CodeIgniter\CodeIgniter->run()
ERROR - 2023-10-26 06:31:20 --> Error connecting to the database: mysqli_sql_exception: Access denied for user ''@'localhost' (using password: YES) in C:\Users\DELL\Documents\project tuto\kedaiku\system\Database\MySQLi\Connection.php:185
Stack trace:
#0 C:\Users\DELL\Documents\project tuto\kedaiku\system\Database\MySQLi\Connection.php(185): mysqli->real_connect('localhost', '', '', '', 3306, '', 0)
#1 C:\Users\DELL\Documents\project tuto\kedaiku\system\Database\BaseConnection.php(392): CodeIgniter\Database\MySQLi\Connection->connect(false)
#2 C:\Users\DELL\Documents\project tuto\kedaiku\system\Database\BaseConnection.php(575): CodeIgniter\Database\BaseConnection->initialize()
#3 C:\Users\DELL\Documents\project tuto\kedaiku\app\Controllers\Admin\Dashboard.php(48): CodeIgniter\Database\BaseConnection->query('SELECT * FROM g...')
#4 C:\Users\DELL\Documents\project tuto\kedaiku\system\CodeIgniter.php(942): App\Controllers\Admin\Dashboard->index()
#5 C:\Users\DELL\Documents\project tuto\kedaiku\system\CodeIgniter.php(502): CodeIgniter\CodeIgniter->runController(Object(App\Controllers\Admin\Dashboard))
#6 C:\Users\DELL\Documents\project tuto\kedaiku\system\CodeIgniter.php(361): CodeIgniter\CodeIgniter->handleRequest(NULL, Object(Config\Cache), false)
#7 C:\Users\DELL\Documents\project tuto\kedaiku\public\index.php(79): CodeIgniter\CodeIgniter->run()
#8 {main}

Next CodeIgniter\Database\Exceptions\DatabaseException: Access denied for user ''@'localhost' (using password: YES) in C:\Users\DELL\Documents\project tuto\kedaiku\system\Database\MySQLi\Connection.php:229
Stack trace:
#0 C:\Users\DELL\Documents\project tuto\kedaiku\system\Database\BaseConnection.php(392): CodeIgniter\Database\MySQLi\Connection->connect(false)
#1 C:\Users\DELL\Documents\project tuto\kedaiku\system\Database\BaseConnection.php(575): CodeIgniter\Database\BaseConnection->initialize()
#2 C:\Users\DELL\Documents\project tuto\kedaiku\app\Controllers\Admin\Dashboard.php(48): CodeIgniter\Database\BaseConnection->query('SELECT * FROM g...')
#3 C:\Users\DELL\Documents\project tuto\kedaiku\system\CodeIgniter.php(942): App\Controllers\Admin\Dashboard->index()
#4 C:\Users\DELL\Documents\project tuto\kedaiku\system\CodeIgniter.php(502): CodeIgniter\CodeIgniter->runController(Object(App\Controllers\Admin\Dashboard))
#5 C:\Users\DELL\Documents\project tuto\kedaiku\system\CodeIgniter.php(361): CodeIgniter\CodeIgniter->handleRequest(NULL, Object(Config\Cache), false)
#6 C:\Users\DELL\Documents\project tuto\kedaiku\public\index.php(79): CodeIgniter\CodeIgniter->run()
#7 {main}
CRITICAL - 2023-10-26 06:31:20 --> Unable to connect to the database.
Main connection [MySQLi]: Access denied for user ''@'localhost' (using password: YES)
in SYSTEMPATH\Database\BaseConnection.php on line 428.
 1 SYSTEMPATH\Database\BaseConnection.php(575): CodeIgniter\Database\BaseConnection->initialize()
 2 APPPATH\Controllers\Admin\Dashboard.php(48): CodeIgniter\Database\BaseConnection->query('SELECT * FROM gambar')
 3 SYSTEMPATH\CodeIgniter.php(942): App\Controllers\Admin\Dashboard->index()
 4 SYSTEMPATH\CodeIgniter.php(502): CodeIgniter\CodeIgniter->runController(Object(App\Controllers\Admin\Dashboard))
 5 SYSTEMPATH\CodeIgniter.php(361): CodeIgniter\CodeIgniter->handleRequest(null, Object(Config\Cache), false)
 6 FCPATH\index.php(79): CodeIgniter\CodeIgniter->run()
CRITICAL - 2023-10-26 06:40:07 --> Cannot use object of type stdClass as array
in APPPATH\Views\admin\dashboard\index.php on line 46.
 1 SYSTEMPATH\View\View.php(228): include()
 2 SYSTEMPATH\View\View.php(231): CodeIgniter\View\View->CodeIgniter\View\{closure}()
 3 SYSTEMPATH\Common.php(1190): CodeIgniter\View\View->render('admin/dashboard/index', [], true)
 4 APPPATH\Controllers\Admin\Dashboard.php(53): view('admin/dashboard/index', [...])
 5 SYSTEMPATH\CodeIgniter.php(942): App\Controllers\Admin\Dashboard->index()
 6 SYSTEMPATH\CodeIgniter.php(502): CodeIgniter\CodeIgniter->runController(Object(App\Controllers\Admin\Dashboard))
 7 SYSTEMPATH\CodeIgniter.php(361): CodeIgniter\CodeIgniter->handleRequest(null, Object(Config\Cache), false)
 8 FCPATH\index.php(79): CodeIgniter\CodeIgniter->run()
CRITICAL - 2023-10-26 06:40:29 --> Cannot use object of type stdClass as array
in APPPATH\Views\admin\dashboard\index.php on line 46.
 1 SYSTEMPATH\View\View.php(228): include()
 2 SYSTEMPATH\View\View.php(231): CodeIgniter\View\View->CodeIgniter\View\{closure}()
 3 SYSTEMPATH\Common.php(1190): CodeIgniter\View\View->render('admin/dashboard/index', [], true)
 4 APPPATH\Controllers\Admin\Dashboard.php(53): view('admin/dashboard/index', [...])
 5 SYSTEMPATH\CodeIgniter.php(942): App\Controllers\Admin\Dashboard->index()
 6 SYSTEMPATH\CodeIgniter.php(502): CodeIgniter\CodeIgniter->runController(Object(App\Controllers\Admin\Dashboard))
 7 SYSTEMPATH\CodeIgniter.php(361): CodeIgniter\CodeIgniter->handleRequest(null, Object(Config\Cache), false)
 8 FCPATH\index.php(79): CodeIgniter\CodeIgniter->run()
CRITICAL - 2023-10-26 06:40:31 --> Cannot use object of type stdClass as array
in APPPATH\Views\admin\dashboard\index.php on line 46.
 1 SYSTEMPATH\View\View.php(228): include()
 2 SYSTEMPATH\View\View.php(231): CodeIgniter\View\View->CodeIgniter\View\{closure}()
 3 SYSTEMPATH\Common.php(1190): CodeIgniter\View\View->render('admin/dashboard/index', [], true)
 4 APPPATH\Controllers\Admin\Dashboard.php(53): view('admin/dashboard/index', [...])
 5 SYSTEMPATH\CodeIgniter.php(942): App\Controllers\Admin\Dashboard->index()
 6 SYSTEMPATH\CodeIgniter.php(502): CodeIgniter\CodeIgniter->runController(Object(App\Controllers\Admin\Dashboard))
 7 SYSTEMPATH\CodeIgniter.php(361): CodeIgniter\CodeIgniter->handleRequest(null, Object(Config\Cache), false)
 8 FCPATH\index.php(79): CodeIgniter\CodeIgniter->run()
CRITICAL - 2023-10-26 06:44:55 --> Cannot use object of type stdClass as array
in APPPATH\Views\admin\dashboard\index.php on line 46.
 1 SYSTEMPATH\View\View.php(228): include()
 2 SYSTEMPATH\View\View.php(231): CodeIgniter\View\View->CodeIgniter\View\{closure}()
 3 SYSTEMPATH\Common.php(1190): CodeIgniter\View\View->render('admin/dashboard/index', [], true)
 4 APPPATH\Controllers\Admin\Dashboard.php(53): view('admin/dashboard/index', [...])
 5 SYSTEMPATH\CodeIgniter.php(942): App\Controllers\Admin\Dashboard->index()
 6 SYSTEMPATH\CodeIgniter.php(502): CodeIgniter\CodeIgniter->runController(Object(App\Controllers\Admin\Dashboard))
 7 SYSTEMPATH\CodeIgniter.php(361): CodeIgniter\CodeIgniter->handleRequest(null, Object(Config\Cache), false)
 8 FCPATH\index.php(79): CodeIgniter\CodeIgniter->run()
ERROR - 2023-10-26 06:48:14 --> mysqli_sql_exception: Unknown column 'name' in 'order clause' in C:\Users\DELL\Documents\project tuto\kedaiku\system\Database\MySQLi\Connection.php:306
Stack trace:
#0 C:\Users\DELL\Documents\project tuto\kedaiku\system\Database\MySQLi\Connection.php(306): mysqli->query('SELECT * FROM g...', 0)
#1 C:\Users\DELL\Documents\project tuto\kedaiku\system\Database\BaseConnection.php(693): CodeIgniter\Database\MySQLi\Connection->execute('SELECT * FROM g...')
#2 C:\Users\DELL\Documents\project tuto\kedaiku\system\Database\BaseConnection.php(607): CodeIgniter\Database\BaseConnection->simpleQuery('SELECT * FROM g...')
#3 C:\Users\DELL\Documents\project tuto\kedaiku\app\Controllers\Admin\Dashboard.php(48): CodeIgniter\Database\BaseConnection->query('SELECT * FROM g...')
#4 C:\Users\DELL\Documents\project tuto\kedaiku\system\CodeIgniter.php(942): App\Controllers\Admin\Dashboard->index()
#5 C:\Users\DELL\Documents\project tuto\kedaiku\system\CodeIgniter.php(502): CodeIgniter\CodeIgniter->runController(Object(App\Controllers\Admin\Dashboard))
#6 C:\Users\DELL\Documents\project tuto\kedaiku\system\CodeIgniter.php(361): CodeIgniter\CodeIgniter->handleRequest(NULL, Object(Config\Cache), false)
#7 C:\Users\DELL\Documents\project tuto\kedaiku\public\index.php(79): CodeIgniter\CodeIgniter->run()
#8 {main}
CRITICAL - 2023-10-26 06:48:14 --> Unknown column 'name' in 'order clause'
in SYSTEMPATH\Database\BaseConnection.php on line 647.
 1 APPPATH\Controllers\Admin\Dashboard.php(48): CodeIgniter\Database\BaseConnection->query('SELECT * FROM gambar ORDER BY name desc')
 2 SYSTEMPATH\CodeIgniter.php(942): App\Controllers\Admin\Dashboard->index()
 3 SYSTEMPATH\CodeIgniter.php(502): CodeIgniter\CodeIgniter->runController(Object(App\Controllers\Admin\Dashboard))
 4 SYSTEMPATH\CodeIgniter.php(361): CodeIgniter\CodeIgniter->handleRequest(null, Object(Config\Cache), false)
 5 FCPATH\index.php(79): CodeIgniter\CodeIgniter->run()
CRITICAL - 2023-10-26 07:34:27 --> Undefined variable $gambar_model
in APPPATH\Controllers\Admin\Gambar.php on line 13.
 1 APPPATH\Controllers\Admin\Gambar.php(13): CodeIgniter\Debug\Exceptions->errorHandler(2, 'Undefined variable $gambar_model', 'C:\\Users\\DELL\\Documents\\project tuto\\kedaiku\\app\\Controllers\\Admin\\Gambar.php', 13)
 2 SYSTEMPATH\CodeIgniter.php(942): App\Controllers\Admin\Gambar->index()
 3 SYSTEMPATH\CodeIgniter.php(502): CodeIgniter\CodeIgniter->runController(Object(App\Controllers\Admin\Gambar))
 4 SYSTEMPATH\CodeIgniter.php(361): CodeIgniter\CodeIgniter->handleRequest(null, Object(Config\Cache), false)
 5 FCPATH\index.php(79): CodeIgniter\CodeIgniter->run()
CRITICAL - 2023-10-26 07:54:34 --> Undefined variable $g
in APPPATH\Views\admin\listing.php on line 26.
 1 APPPATH\Views\admin\listing.php(26): CodeIgniter\Debug\Exceptions->errorHandler(2, 'Undefined variable $g', 'C:\\Users\\DELL\\Documents\\project tuto\\kedaiku\\app\\Views\\admin\\listing.php', 26)
 2 SYSTEMPATH\View\View.php(228): include('C:\\Users\\DELL\\Documents\\project tuto\\kedaiku\\app\\Views\\admin\\listing.php')
 3 SYSTEMPATH\View\View.php(231): CodeIgniter\View\View->CodeIgniter\View\{closure}()
 4 SYSTEMPATH\Common.php(1190): CodeIgniter\View\View->render('admin/listing', [], true)
 5 APPPATH\Controllers\Admin\Gambar.php(17): view('admin/listing', [...])
 6 SYSTEMPATH\CodeIgniter.php(942): App\Controllers\Admin\Gambar->index()
 7 SYSTEMPATH\CodeIgniter.php(502): CodeIgniter\CodeIgniter->runController(Object(App\Controllers\Admin\Gambar))
 8 SYSTEMPATH\CodeIgniter.php(361): CodeIgniter\CodeIgniter->handleRequest(null, Object(Config\Cache), false)
 9 FCPATH\index.php(79): CodeIgniter\CodeIgniter->run()
CRITICAL - 2023-10-26 07:54:36 --> Undefined variable $g
in APPPATH\Views\admin\listing.php on line 26.
 1 APPPATH\Views\admin\listing.php(26): CodeIgniter\Debug\Exceptions->errorHandler(2, 'Undefined variable $g', 'C:\\Users\\DELL\\Documents\\project tuto\\kedaiku\\app\\Views\\admin\\listing.php', 26)
 2 SYSTEMPATH\View\View.php(228): include('C:\\Users\\DELL\\Documents\\project tuto\\kedaiku\\app\\Views\\admin\\listing.php')
 3 SYSTEMPATH\View\View.php(231): CodeIgniter\View\View->CodeIgniter\View\{closure}()
 4 SYSTEMPATH\Common.php(1190): CodeIgniter\View\View->render('admin/listing', [], true)
 5 APPPATH\Controllers\Admin\Gambar.php(17): view('admin/listing', [...])
 6 SYSTEMPATH\CodeIgniter.php(942): App\Controllers\Admin\Gambar->index()
 7 SYSTEMPATH\CodeIgniter.php(502): CodeIgniter\CodeIgniter->runController(Object(App\Controllers\Admin\Gambar))
 8 SYSTEMPATH\CodeIgniter.php(361): CodeIgniter\CodeIgniter->handleRequest(null, Object(Config\Cache), false)
 9 FCPATH\index.php(79): CodeIgniter\CodeIgniter->run()
CRITICAL - 2023-10-26 07:55:25 --> Undefined variable $g
in APPPATH\Views\admin\listing.php on line 26.
 1 APPPATH\Views\admin\listing.php(26): CodeIgniter\Debug\Exceptions->errorHandler(2, 'Undefined variable $g', 'C:\\Users\\DELL\\Documents\\project tuto\\kedaiku\\app\\Views\\admin\\listing.php', 26)
 2 SYSTEMPATH\View\View.php(228): include('C:\\Users\\DELL\\Documents\\project tuto\\kedaiku\\app\\Views\\admin\\listing.php')
 3 SYSTEMPATH\View\View.php(231): CodeIgniter\View\View->CodeIgniter\View\{closure}()
 4 SYSTEMPATH\Common.php(1190): CodeIgniter\View\View->render('admin/listing', [], true)
 5 APPPATH\Controllers\Admin\Gambar.php(17): view('admin/listing', [...])
 6 SYSTEMPATH\CodeIgniter.php(942): App\Controllers\Admin\Gambar->index()
 7 SYSTEMPATH\CodeIgniter.php(502): CodeIgniter\CodeIgniter->runController(Object(App\Controllers\Admin\Gambar))
 8 SYSTEMPATH\CodeIgniter.php(361): CodeIgniter\CodeIgniter->handleRequest(null, Object(Config\Cache), false)
 9 FCPATH\index.php(79): CodeIgniter\CodeIgniter->run()
CRITICAL - 2023-10-26 07:55:55 --> Undefined variable $g
in APPPATH\Views\admin\listing.php on line 26.
 1 APPPATH\Views\admin\listing.php(26): CodeIgniter\Debug\Exceptions->errorHandler(2, 'Undefined variable $g', 'C:\\Users\\DELL\\Documents\\project tuto\\kedaiku\\app\\Views\\admin\\listing.php', 26)
 2 SYSTEMPATH\View\View.php(228): include('C:\\Users\\DELL\\Documents\\project tuto\\kedaiku\\app\\Views\\admin\\listing.php')
 3 SYSTEMPATH\View\View.php(231): CodeIgniter\View\View->CodeIgniter\View\{closure}()
 4 SYSTEMPATH\Common.php(1190): CodeIgniter\View\View->render('admin/listing', [], true)
 5 APPPATH\Controllers\Admin\Gambar.php(17): view('admin/listing', [...])
 6 SYSTEMPATH\CodeIgniter.php(942): App\Controllers\Admin\Gambar->index()
 7 SYSTEMPATH\CodeIgniter.php(502): CodeIgniter\CodeIgniter->runController(Object(App\Controllers\Admin\Gambar))
 8 SYSTEMPATH\CodeIgniter.php(361): CodeIgniter\CodeIgniter->handleRequest(null, Object(Config\Cache), false)
 9 FCPATH\index.php(79): CodeIgniter\CodeIgniter->run()
CRITICAL - 2023-10-26 08:04:11 --> Class "App\Controllers\Admin\BaseController" not found
in APPPATH\Controllers\Admin\Gambar.php on line 7.
 1 SYSTEMPATH\Autoloader\Autoloader.php(312): include_once()
 2 SYSTEMPATH\Autoloader\Autoloader.php(291): CodeIgniter\Autoloader\Autoloader->includeFile('C:\\Users\\DELL\\Documents\\project tuto\\kedaiku\\app\\Controllers\\Admin\\Gambar.php')
 3 SYSTEMPATH\Autoloader\Autoloader.php(269): CodeIgniter\Autoloader\Autoloader->loadInNamespace('App\\Controllers\\Admin\\Gambar')
 4 [internal function]: CodeIgniter\Autoloader\Autoloader->loadClass('App\\Controllers\\Admin\\Gambar')
 5 SYSTEMPATH\CodeIgniter.php(900): class_exists('\\App\\Controllers\\Admin\\Gambar', true)
 6 SYSTEMPATH\CodeIgniter.php(489): CodeIgniter\CodeIgniter->startController()
 7 SYSTEMPATH\CodeIgniter.php(361): CodeIgniter\CodeIgniter->handleRequest(null, Object(Config\Cache), false)
 8 FCPATH\index.php(79): CodeIgniter\CodeIgniter->run()
