ERROR - 2023-11-09 04:22:58 --> mysqli_sql_exception: Incorrect DATETIME value: '2024-15-09 23:59:59' in C:\Users\DELL\Documents\project tuto\kedaiku\system\Database\MySQLi\Connection.php:306
Stack trace:
#0 C:\Users\DELL\Documents\project tuto\kedaiku\system\Database\MySQLi\Connection.php(306): mysqli->query('SELECT \n\t\tDATE_...', 0)
#1 C:\Users\DELL\Documents\project tuto\kedaiku\system\Database\BaseConnection.php(693): CodeIgniter\Database\MySQLi\Connection->execute('SELECT \n\t\tDATE_...')
#2 C:\Users\DELL\Documents\project tuto\kedaiku\system\Database\BaseConnection.php(607): CodeIgniter\Database\BaseConnection->simpleQuery('SELECT \n\t\tDATE_...')
#3 C:\Users\DELL\Documents\project tuto\kedaiku\app\Controllers\Superadmin.php(54): CodeIgniter\Database\BaseConnection->query('SELECT \n\t\tDATE_...')
#4 C:\Users\DELL\Documents\project tuto\kedaiku\system\CodeIgniter.php(942): App\Controllers\Superadmin->index()
#5 C:\Users\DELL\Documents\project tuto\kedaiku\system\CodeIgniter.php(502): CodeIgniter\CodeIgniter->runController(Object(App\Controllers\Superadmin))
#6 C:\Users\DELL\Documents\project tuto\kedaiku\system\CodeIgniter.php(361): CodeIgniter\CodeIgniter->handleRequest(NULL, Object(Config\Cache), false)
#7 C:\Users\DELL\Documents\project tuto\kedaiku\public\index.php(79): CodeIgniter\CodeIgniter->run()
#8 {main}
CRITICAL - 2023-11-09 04:22:58 --> Incorrect DATETIME value: '2024-15-09 23:59:59'
in SYSTEMPATH\Database\BaseConnection.php on line 647.
 1 APPPATH\Controllers\Superadmin.php(54): CodeIgniter\Database\BaseConnection->query('SELECT 
		DATE_FORMAT(created_at, "%Y-%m-%d") AS "day_date",
		orders.total_amount,
	   
		SUM(orders.total_amount) AS "main_total",
		COUNT(*) AS "total_orders"
		FROM orders
		WHERE
			orders.created_at >= "2023-11-08 00:00:00"
			AND orders.created_at <= "2024-15-09 23:59:59"
		GROUP BY DATE_FORMAT(created_at, "%Y-%m-%d"), orders.total_amount
		ORDER BY day_date ASC;')
 2 SYSTEMPATH\CodeIgniter.php(942): App\Controllers\Superadmin->index()
 3 SYSTEMPATH\CodeIgniter.php(502): CodeIgniter\CodeIgniter->runController(Object(App\Controllers\Superadmin))
 4 SYSTEMPATH\CodeIgniter.php(361): CodeIgniter\CodeIgniter->handleRequest(null, Object(Config\Cache), false)
 5 FCPATH\index.php(79): CodeIgniter\CodeIgniter->run()
ERROR - 2023-11-09 04:35:12 --> mysqli_sql_exception: Incorrect DATETIME value: '2023-1101 00:00:00' in C:\Users\DELL\Documents\project tuto\kedaiku\system\Database\MySQLi\Connection.php:306
Stack trace:
#0 C:\Users\DELL\Documents\project tuto\kedaiku\system\Database\MySQLi\Connection.php(306): mysqli->query('SELECT \n\t\t\tDATE...', 0)
#1 C:\Users\DELL\Documents\project tuto\kedaiku\system\Database\BaseConnection.php(693): CodeIgniter\Database\MySQLi\Connection->execute('SELECT \n\t\t\tDATE...')
#2 C:\Users\DELL\Documents\project tuto\kedaiku\system\Database\BaseConnection.php(607): CodeIgniter\Database\BaseConnection->simpleQuery('SELECT \n\t\t\tDATE...')
#3 C:\Users\DELL\Documents\project tuto\kedaiku\app\Controllers\Superadmin.php(75): CodeIgniter\Database\BaseConnection->query('SELECT \n\t\t\tDATE...')
#4 C:\Users\DELL\Documents\project tuto\kedaiku\system\CodeIgniter.php(942): App\Controllers\Superadmin->index()
#5 C:\Users\DELL\Documents\project tuto\kedaiku\system\CodeIgniter.php(502): CodeIgniter\CodeIgniter->runController(Object(App\Controllers\Superadmin))
#6 C:\Users\DELL\Documents\project tuto\kedaiku\system\CodeIgniter.php(361): CodeIgniter\CodeIgniter->handleRequest(NULL, Object(Config\Cache), false)
#7 C:\Users\DELL\Documents\project tuto\kedaiku\public\index.php(79): CodeIgniter\CodeIgniter->run()
#8 {main}
CRITICAL - 2023-11-09 04:35:12 --> Incorrect DATETIME value: '2023-1101 00:00:00'
in SYSTEMPATH\Database\BaseConnection.php on line 647.
 1 APPPATH\Controllers\Superadmin.php(75): CodeIgniter\Database\BaseConnection->query('SELECT 
			DATE_FORMAT(created_at, "%Y-%m-%d") AS "day_date",
			orders.total_amount,

			SUM(orders.total_amount) AS "main_total",
			COUNT(*) AS "total_orders"
			FROM orders
			WHERE
			orders.created_at >= "2023-1101 00:00:00"
			AND orders.created_at <= "2023-11-30 23:59:59"
			GROUP BY DATE_FORMAT(created_at, "%Y-%m-%d"), orders.total_amount
			ORDER BY day_date ASC;')
 2 SYSTEMPATH\CodeIgniter.php(942): App\Controllers\Superadmin->index()
 3 SYSTEMPATH\CodeIgniter.php(502): CodeIgniter\CodeIgniter->runController(Object(App\Controllers\Superadmin))
 4 SYSTEMPATH\CodeIgniter.php(361): CodeIgniter\CodeIgniter->handleRequest(null, Object(Config\Cache), false)
 5 FCPATH\index.php(79): CodeIgniter\CodeIgniter->run()
CRITICAL - 2023-11-09 04:35:43 --> Undefined array key "main-total"
in APPPATH\Views\ecom-dashboard.php on line 38.
 1 APPPATH\Views\ecom-dashboard.php(38): CodeIgniter\Debug\Exceptions->errorHandler(2, 'Undefined array key "main-total"', 'C:\\Users\\DELL\\Documents\\project tuto\\kedaiku\\app\\Views\\ecom-dashboard.php', 38)
 2 SYSTEMPATH\View\View.php(228): include('C:\\Users\\DELL\\Documents\\project tuto\\kedaiku\\app\\Views\\ecom-dashboard.php')
 3 SYSTEMPATH\View\View.php(231): CodeIgniter\View\View->CodeIgniter\View\{closure}()
 4 SYSTEMPATH\Common.php(1190): CodeIgniter\View\View->render('ecom-dashboard', [], true)
 5 APPPATH\Controllers\Superadmin.php(81): view('ecom-dashboard', [...])
 6 SYSTEMPATH\CodeIgniter.php(942): App\Controllers\Superadmin->index()
 7 SYSTEMPATH\CodeIgniter.php(502): CodeIgniter\CodeIgniter->runController(Object(App\Controllers\Superadmin))
 8 SYSTEMPATH\CodeIgniter.php(361): CodeIgniter\CodeIgniter->handleRequest(null, Object(Config\Cache), false)
 9 FCPATH\index.php(79): CodeIgniter\CodeIgniter->run()
ERROR - 2023-11-09 04:45:00 --> mysqli_sql_exception: You have an error in your SQL syntax; check the manual that corresponds to your MySQL server version for the right syntax to use near '.$today." 00:00:00"
				AND orders.created_at <= "".$today." 23:59:59"
			GROUP ' at line 9 in C:\Users\DELL\Documents\project tuto\kedaiku\system\Database\MySQLi\Connection.php:306
Stack trace:
#0 C:\Users\DELL\Documents\project tuto\kedaiku\system\Database\MySQLi\Connection.php(306): mysqli->query('SELECT \n\t\t\tDATE...', 0)
#1 C:\Users\DELL\Documents\project tuto\kedaiku\system\Database\BaseConnection.php(693): CodeIgniter\Database\MySQLi\Connection->execute('SELECT \n\t\t\tDATE...')
#2 C:\Users\DELL\Documents\project tuto\kedaiku\system\Database\BaseConnection.php(607): CodeIgniter\Database\BaseConnection->simpleQuery('SELECT \n\t\t\tDATE...')
#3 C:\Users\DELL\Documents\project tuto\kedaiku\app\Controllers\Superadmin.php(74): CodeIgniter\Database\BaseConnection->query('SELECT \n\t\t\tDATE...')
#4 C:\Users\DELL\Documents\project tuto\kedaiku\system\CodeIgniter.php(942): App\Controllers\Superadmin->index()
#5 C:\Users\DELL\Documents\project tuto\kedaiku\system\CodeIgniter.php(502): CodeIgniter\CodeIgniter->runController(Object(App\Controllers\Superadmin))
#6 C:\Users\DELL\Documents\project tuto\kedaiku\system\CodeIgniter.php(361): CodeIgniter\CodeIgniter->handleRequest(NULL, Object(Config\Cache), false)
#7 C:\Users\DELL\Documents\project tuto\kedaiku\public\index.php(79): CodeIgniter\CodeIgniter->run()
#8 {main}
CRITICAL - 2023-11-09 04:45:00 --> You have an error in your SQL syntax; check the manual that corresponds to your MySQL server version for the right syntax to use near '.$today." 00:00:00"
				AND orders.created_at <= "".$today." 23:59:59"
			GROUP ' at line 9
in SYSTEMPATH\Database\BaseConnection.php on line 647.
 1 APPPATH\Controllers\Superadmin.php(74): CodeIgniter\Database\BaseConnection->query('SELECT 
			DATE_FORMAT(created_at, "%Y-%m-%d") AS "day_date",
			orders.total_amount,

			SUM(orders.total_amount) AS "main_total",
			COUNT(*) AS "total_orders"
			FROM orders
			WHERE
				orders.created_at >= "".$today." 00:00:00"
				AND orders.created_at <= "".$today." 23:59:59"
			GROUP BY DATE_FORMAT(created_at, "%Y-%m-%d"), orders.total_amount
			ORDER BY day_date ASC;')
 2 SYSTEMPATH\CodeIgniter.php(942): App\Controllers\Superadmin->index()
 3 SYSTEMPATH\CodeIgniter.php(502): CodeIgniter\CodeIgniter->runController(Object(App\Controllers\Superadmin))
 4 SYSTEMPATH\CodeIgniter.php(361): CodeIgniter\CodeIgniter->handleRequest(null, Object(Config\Cache), false)
 5 FCPATH\index.php(79): CodeIgniter\CodeIgniter->run()
ERROR - 2023-11-09 04:46:22 --> mysqli_sql_exception: You have an error in your SQL syntax; check the manual that corresponds to your MySQL server version for the right syntax to use near ',
			AND orders.created_at <= "2023-11-30 23:59:59"
			GROUP BY DATE_FORMAT(crea' at line 9 in C:\Users\DELL\Documents\project tuto\kedaiku\system\Database\MySQLi\Connection.php:306
Stack trace:
#0 C:\Users\DELL\Documents\project tuto\kedaiku\system\Database\MySQLi\Connection.php(306): mysqli->query('SELECT \n\t\t\tDATE...', 0)
#1 C:\Users\DELL\Documents\project tuto\kedaiku\system\Database\BaseConnection.php(693): CodeIgniter\Database\MySQLi\Connection->execute('SELECT \n\t\t\tDATE...')
#2 C:\Users\DELL\Documents\project tuto\kedaiku\system\Database\BaseConnection.php(607): CodeIgniter\Database\BaseConnection->simpleQuery('SELECT \n\t\t\tDATE...')
#3 C:\Users\DELL\Documents\project tuto\kedaiku\app\Controllers\Superadmin.php(75): CodeIgniter\Database\BaseConnection->query('SELECT \n\t\t\tDATE...')
#4 C:\Users\DELL\Documents\project tuto\kedaiku\system\CodeIgniter.php(942): App\Controllers\Superadmin->index()
#5 C:\Users\DELL\Documents\project tuto\kedaiku\system\CodeIgniter.php(502): CodeIgniter\CodeIgniter->runController(Object(App\Controllers\Superadmin))
#6 C:\Users\DELL\Documents\project tuto\kedaiku\system\CodeIgniter.php(361): CodeIgniter\CodeIgniter->handleRequest(NULL, Object(Config\Cache), false)
#7 C:\Users\DELL\Documents\project tuto\kedaiku\public\index.php(79): CodeIgniter\CodeIgniter->run()
#8 {main}
CRITICAL - 2023-11-09 04:46:22 --> You have an error in your SQL syntax; check the manual that corresponds to your MySQL server version for the right syntax to use near ',
			AND orders.created_at <= "2023-11-30 23:59:59"
			GROUP BY DATE_FORMAT(crea' at line 9
in SYSTEMPATH\Database\BaseConnection.php on line 647.
 1 APPPATH\Controllers\Superadmin.php(75): CodeIgniter\Database\BaseConnection->query('SELECT 
			DATE_FORMAT(created_at, "%Y-%m-%d") AS "day_date",
			orders.total_amount,

			SUM(orders.total_amount) AS "main_total",
			COUNT(*) AS "total_orders"
			FROM orders
			WHERE
			orders.created_at >= "2023-11-01 00:00:00",
			AND orders.created_at <= "2023-11-30 23:59:59"
			GROUP BY DATE_FORMAT(created_at, "%Y-%m-%d"), orders.total_amount
			ORDER BY day_date ASC;')
 2 SYSTEMPATH\CodeIgniter.php(942): App\Controllers\Superadmin->index()
 3 SYSTEMPATH\CodeIgniter.php(502): CodeIgniter\CodeIgniter->runController(Object(App\Controllers\Superadmin))
 4 SYSTEMPATH\CodeIgniter.php(361): CodeIgniter\CodeIgniter->handleRequest(null, Object(Config\Cache), false)
 5 FCPATH\index.php(79): CodeIgniter\CodeIgniter->run()
CRITICAL - 2023-11-09 04:57:02 --> Undefined array key 0
in APPPATH\Views\ecom-dashboard.php on line 58.
 1 APPPATH\Views\ecom-dashboard.php(58): CodeIgniter\Debug\Exceptions->errorHandler(2, 'Undefined array key 0', 'C:\\Users\\DELL\\Documents\\project tuto\\kedaiku\\app\\Views\\ecom-dashboard.php', 58)
 2 SYSTEMPATH\View\View.php(228): include('C:\\Users\\DELL\\Documents\\project tuto\\kedaiku\\app\\Views\\ecom-dashboard.php')
 3 SYSTEMPATH\View\View.php(231): CodeIgniter\View\View->CodeIgniter\View\{closure}()
 4 SYSTEMPATH\Common.php(1190): CodeIgniter\View\View->render('ecom-dashboard', [], true)
 5 APPPATH\Controllers\Superadmin.php(77): view('ecom-dashboard', [...])
 6 SYSTEMPATH\CodeIgniter.php(942): App\Controllers\Superadmin->index()
 7 SYSTEMPATH\CodeIgniter.php(502): CodeIgniter\CodeIgniter->runController(Object(App\Controllers\Superadmin))
 8 SYSTEMPATH\CodeIgniter.php(361): CodeIgniter\CodeIgniter->handleRequest(null, Object(Config\Cache), false)
 9 FCPATH\index.php(79): CodeIgniter\CodeIgniter->run()
