ERROR - 2023-11-02 01:21:34 --> mysqli_sql_exception: You have an error in your SQL syntax; check the manual that corresponds to your MySQL server version for the right syntax to use near ')' at line 4 in C:\Users\DELL\Documents\project tuto\kedaiku\system\Database\MySQLi\Connection.php:306
Stack trace:
#0 C:\Users\DELL\Documents\project tuto\kedaiku\system\Database\MySQLi\Connection.php(306): mysqli->query('SELECT *\nFROM `...', 0)
#1 C:\Users\DELL\Documents\project tuto\kedaiku\system\Database\BaseConnection.php(693): CodeIgniter\Database\MySQLi\Connection->execute('SELECT *\nFROM `...')
#2 C:\Users\DELL\Documents\project tuto\kedaiku\system\Database\BaseConnection.php(607): CodeIgniter\Database\BaseConnection->simpleQuery('SELECT *\nFROM `...')
#3 C:\Users\DELL\Documents\project tuto\kedaiku\system\Database\BaseBuilder.php(1615): CodeIgniter\Database\BaseConnection->query('SELECT *\nFROM `...', Array, false)
#4 C:\Users\DELL\Documents\project tuto\kedaiku\system\Model.php(192): CodeIgniter\Database\BaseBuilder->get()
#5 C:\Users\DELL\Documents\project tuto\kedaiku\system\BaseModel.php(563): CodeIgniter\Model->doFind(false, Array)
#6 C:\Users\DELL\Documents\project tuto\kedaiku\app\Controllers\Admin\Bakul.php(97): CodeIgniter\BaseModel->find(Array)
#7 C:\Users\DELL\Documents\project tuto\kedaiku\system\CodeIgniter.php(942): App\Controllers\Admin\Bakul->update()
#8 C:\Users\DELL\Documents\project tuto\kedaiku\system\CodeIgniter.php(502): CodeIgniter\CodeIgniter->runController(Object(App\Controllers\Admin\Bakul))
#9 C:\Users\DELL\Documents\project tuto\kedaiku\system\CodeIgniter.php(361): CodeIgniter\CodeIgniter->handleRequest(NULL, Object(Config\Cache), false)
#10 C:\Users\DELL\Documents\project tuto\kedaiku\public\index.php(79): CodeIgniter\CodeIgniter->run()
#11 {main}
CRITICAL - 2023-11-02 01:21:34 --> You have an error in your SQL syntax; check the manual that corresponds to your MySQL server version for the right syntax to use near ')' at line 4
in SYSTEMPATH\Database\BaseConnection.php on line 647.
 1 SYSTEMPATH\Database\BaseBuilder.php(1615): CodeIgniter\Database\BaseConnection->query('SELECT *
FROM `produk`
WHERE `produk`.`deleted_at` IS NULL
AND `produk`.`id` IN :produk.id:', [...], false)
 2 SYSTEMPATH\Model.php(192): CodeIgniter\Database\BaseBuilder->get()
 3 SYSTEMPATH\BaseModel.php(563): CodeIgniter\Model->doFind(false, [])
 4 APPPATH\Controllers\Admin\Bakul.php(97): CodeIgniter\BaseModel->find([])
 5 SYSTEMPATH\CodeIgniter.php(942): App\Controllers\Admin\Bakul->update()
 6 SYSTEMPATH\CodeIgniter.php(502): CodeIgniter\CodeIgniter->runController(Object(App\Controllers\Admin\Bakul))
 7 SYSTEMPATH\CodeIgniter.php(361): CodeIgniter\CodeIgniter->handleRequest(null, Object(Config\Cache), false)
 8 FCPATH\index.php(79): CodeIgniter\CodeIgniter->run()
CRITICAL - 2023-11-02 01:51:03 --> Cannot access offset of type string on string
in APPPATH\Controllers\Admin\Bakul.php on line 144.
 1 SYSTEMPATH\CodeIgniter.php(942): App\Controllers\Admin\Bakul->update()
 2 SYSTEMPATH\CodeIgniter.php(502): CodeIgniter\CodeIgniter->runController(Object(App\Controllers\Admin\Bakul))
 3 SYSTEMPATH\CodeIgniter.php(361): CodeIgniter\CodeIgniter->handleRequest(null, Object(Config\Cache), false)
 4 FCPATH\index.php(79): CodeIgniter\CodeIgniter->run()
CRITICAL - 2023-11-02 01:51:37 --> Undefined variable $produks
in APPPATH\Controllers\Admin\Bakul.php on line 124.
 1 APPPATH\Controllers\Admin\Bakul.php(124): CodeIgniter\Debug\Exceptions->errorHandler(2, 'Undefined variable $produks', 'C:\\Users\\DELL\\Documents\\project tuto\\kedaiku\\app\\Controllers\\Admin\\Bakul.php', 124)
 2 SYSTEMPATH\CodeIgniter.php(942): App\Controllers\Admin\Bakul->update()
 3 SYSTEMPATH\CodeIgniter.php(502): CodeIgniter\CodeIgniter->runController(Object(App\Controllers\Admin\Bakul))
 4 SYSTEMPATH\CodeIgniter.php(361): CodeIgniter\CodeIgniter->handleRequest(null, Object(Config\Cache), false)
 5 FCPATH\index.php(79): CodeIgniter\CodeIgniter->run()
CRITICAL - 2023-11-02 01:51:56 --> Undefined array key 1
in APPPATH\Controllers\Admin\Bakul.php on line 133.
 1 APPPATH\Controllers\Admin\Bakul.php(133): CodeIgniter\Debug\Exceptions->errorHandler(2, 'Undefined array key 1', 'C:\\Users\\DELL\\Documents\\project tuto\\kedaiku\\app\\Controllers\\Admin\\Bakul.php', 133)
 2 SYSTEMPATH\CodeIgniter.php(942): App\Controllers\Admin\Bakul->update()
 3 SYSTEMPATH\CodeIgniter.php(502): CodeIgniter\CodeIgniter->runController(Object(App\Controllers\Admin\Bakul))
 4 SYSTEMPATH\CodeIgniter.php(361): CodeIgniter\CodeIgniter->handleRequest(null, Object(Config\Cache), false)
 5 FCPATH\index.php(79): CodeIgniter\CodeIgniter->run()
CRITICAL - 2023-11-02 08:14:15 --> syntax error, unexpected token "if"
in APPPATH\Views\admin\admin_produk\edit.php on line 47.
 1 SYSTEMPATH\View\View.php(231): CodeIgniter\View\View->CodeIgniter\View\{closure}()
 2 SYSTEMPATH\Common.php(1190): CodeIgniter\View\View->render('admin/admin_produk/edit', [], true)
 3 APPPATH\Controllers\Admin\Produk.php(56): view('admin/admin_produk/edit', [...])
 4 SYSTEMPATH\CodeIgniter.php(942): App\Controllers\Admin\Produk->edit('17')
 5 SYSTEMPATH\CodeIgniter.php(502): CodeIgniter\CodeIgniter->runController(Object(App\Controllers\Admin\Produk))
 6 SYSTEMPATH\CodeIgniter.php(361): CodeIgniter\CodeIgniter->handleRequest(null, Object(Config\Cache), false)
 7 FCPATH\index.php(79): CodeIgniter\CodeIgniter->run()
