CRITICAL - 2023-11-07 00:49:21 --> Call to undefined method App\Controllers\Admin\Produk::kategoriModel()
in APPPATH\Controllers\Admin\Produk.php on line 60.
 1 SYSTEMPATH\CodeIgniter.php(942): App\Controllers\Admin\Produk->add()
 2 SYSTEMPATH\CodeIgniter.php(502): CodeIgniter\CodeIgniter->runController(Object(App\Controllers\Admin\Produk))
 3 SYSTEMPATH\CodeIgniter.php(361): CodeIgniter\CodeIgniter->handleRequest(null, Object(Config\Cache), false)
 4 FCPATH\index.php(79): CodeIgniter\CodeIgniter->run()
CRITICAL - 2023-11-07 00:50:59 --> Call to undefined method App\Models\KategoriModel::dropdown
in SYSTEMPATH\Model.php on line 873.
 1 APPPATH\Controllers\Admin\Produk.php(60): CodeIgniter\Model->__call('dropdown', [])
 2 SYSTEMPATH\CodeIgniter.php(942): App\Controllers\Admin\Produk->add()
 3 SYSTEMPATH\CodeIgniter.php(502): CodeIgniter\CodeIgniter->runController(Object(App\Controllers\Admin\Produk))
 4 SYSTEMPATH\CodeIgniter.php(361): CodeIgniter\CodeIgniter->handleRequest(null, Object(Config\Cache), false)
 5 FCPATH\index.php(79): CodeIgniter\CodeIgniter->run()
CRITICAL - 2023-11-07 00:51:30 --> Call to undefined method App\Models\KategoriModel::dropdown
in SYSTEMPATH\Model.php on line 873.
 1 APPPATH\Controllers\Admin\Produk.php(60): CodeIgniter\Model->__call('dropdown', [])
 2 SYSTEMPATH\CodeIgniter.php(942): App\Controllers\Admin\Produk->add()
 3 SYSTEMPATH\CodeIgniter.php(502): CodeIgniter\CodeIgniter->runController(Object(App\Controllers\Admin\Produk))
 4 SYSTEMPATH\CodeIgniter.php(361): CodeIgniter\CodeIgniter->handleRequest(null, Object(Config\Cache), false)
 5 FCPATH\index.php(79): CodeIgniter\CodeIgniter->run()
CRITICAL - 2023-11-07 00:54:56 --> Call to undefined method App\Models\KategoriModel::dropdown
in SYSTEMPATH\Model.php on line 873.
 1 APPPATH\Controllers\Admin\Produk.php(60): CodeIgniter\Model->__call('dropdown', [])
 2 SYSTEMPATH\CodeIgniter.php(942): App\Controllers\Admin\Produk->add()
 3 SYSTEMPATH\CodeIgniter.php(502): CodeIgniter\CodeIgniter->runController(Object(App\Controllers\Admin\Produk))
 4 SYSTEMPATH\CodeIgniter.php(361): CodeIgniter\CodeIgniter->handleRequest(null, Object(Config\Cache), false)
 5 FCPATH\index.php(79): CodeIgniter\CodeIgniter->run()
CRITICAL - 2023-11-07 01:02:20 --> Undefined array key "boy"
in APPPATH\Models\KategoriModel.php on line 47.
 1 APPPATH\Models\KategoriModel.php(47): CodeIgniter\Debug\Exceptions->errorHandler(2, 'Undefined array key "boy"', 'C:\\Users\\DELL\\Documents\\project tuto\\kedaiku\\app\\Models\\KategoriModel.php', 47)
 2 APPPATH\Controllers\Admin\Produk.php(54): App\Models\KategoriModel->dropdown()
 3 SYSTEMPATH\CodeIgniter.php(942): App\Controllers\Admin\Produk->edit('20')
 4 SYSTEMPATH\CodeIgniter.php(502): CodeIgniter\CodeIgniter->runController(Object(App\Controllers\Admin\Produk))
 5 SYSTEMPATH\CodeIgniter.php(361): CodeIgniter\CodeIgniter->handleRequest(null, Object(Config\Cache), false)
 6 FCPATH\index.php(79): CodeIgniter\CodeIgniter->run()
CRITICAL - 2023-11-07 01:02:44 --> Undefined array key "boy"
in APPPATH\Models\KategoriModel.php on line 47.
 1 APPPATH\Models\KategoriModel.php(47): CodeIgniter\Debug\Exceptions->errorHandler(2, 'Undefined array key "boy"', 'C:\\Users\\DELL\\Documents\\project tuto\\kedaiku\\app\\Models\\KategoriModel.php', 47)
 2 APPPATH\Controllers\Admin\Produk.php(54): App\Models\KategoriModel->dropdown()
 3 SYSTEMPATH\CodeIgniter.php(942): App\Controllers\Admin\Produk->edit('20')
 4 SYSTEMPATH\CodeIgniter.php(502): CodeIgniter\CodeIgniter->runController(Object(App\Controllers\Admin\Produk))
 5 SYSTEMPATH\CodeIgniter.php(361): CodeIgniter\CodeIgniter->handleRequest(null, Object(Config\Cache), false)
 6 FCPATH\index.php(79): CodeIgniter\CodeIgniter->run()
CRITICAL - 2023-11-07 01:05:25 --> Undefined array key "boy"
in APPPATH\Models\KategoriModel.php on line 47.
 1 APPPATH\Models\KategoriModel.php(47): CodeIgniter\Debug\Exceptions->errorHandler(2, 'Undefined array key "boy"', 'C:\\Users\\DELL\\Documents\\project tuto\\kedaiku\\app\\Models\\KategoriModel.php', 47)
 2 APPPATH\Controllers\Admin\Produk.php(54): App\Models\KategoriModel->dropdown()
 3 SYSTEMPATH\CodeIgniter.php(942): App\Controllers\Admin\Produk->edit('20')
 4 SYSTEMPATH\CodeIgniter.php(502): CodeIgniter\CodeIgniter->runController(Object(App\Controllers\Admin\Produk))
 5 SYSTEMPATH\CodeIgniter.php(361): CodeIgniter\CodeIgniter->handleRequest(null, Object(Config\Cache), false)
 6 FCPATH\index.php(79): CodeIgniter\CodeIgniter->run()
CRITICAL - 2023-11-07 01:14:54 --> array_merge(): Argument #3 must be of type array, string given
in APPPATH\Views\admin\admin_produk\edit.php on line 46.
 1 APPPATH\Views\admin\admin_produk\edit.php(46): array_merge([...], [...], '2')
 2 SYSTEMPATH\View\View.php(228): include('C:\\Users\\DELL\\Documents\\project tuto\\kedaiku\\app\\Views\\admin\\admin_produk\\edit.php')
 3 SYSTEMPATH\View\View.php(231): CodeIgniter\View\View->CodeIgniter\View\{closure}()
 4 SYSTEMPATH\Common.php(1190): CodeIgniter\View\View->render('admin/admin_produk/edit', [], true)
 5 APPPATH\Controllers\Admin\Produk.php(56): view('admin/admin_produk/edit', [...])
 6 SYSTEMPATH\CodeIgniter.php(942): App\Controllers\Admin\Produk->edit('20')
 7 SYSTEMPATH\CodeIgniter.php(502): CodeIgniter\CodeIgniter->runController(Object(App\Controllers\Admin\Produk))
 8 SYSTEMPATH\CodeIgniter.php(361): CodeIgniter\CodeIgniter->handleRequest(null, Object(Config\Cache), false)
 9 FCPATH\index.php(79): CodeIgniter\CodeIgniter->run()
CRITICAL - 2023-11-07 01:37:03 --> Unmatched ')'
in APPPATH\Views\admin\admin_produk\edit.php on line 48.
 1 SYSTEMPATH\View\View.php(231): CodeIgniter\View\View->CodeIgniter\View\{closure}()
 2 SYSTEMPATH\Common.php(1190): CodeIgniter\View\View->render('admin/admin_produk/edit', [], true)
 3 APPPATH\Controllers\Admin\Produk.php(56): view('admin/admin_produk/edit', [...])
 4 SYSTEMPATH\CodeIgniter.php(942): App\Controllers\Admin\Produk->edit('23')
 5 SYSTEMPATH\CodeIgniter.php(502): CodeIgniter\CodeIgniter->runController(Object(App\Controllers\Admin\Produk))
 6 SYSTEMPATH\CodeIgniter.php(361): CodeIgniter\CodeIgniter->handleRequest(null, Object(Config\Cache), false)
 7 FCPATH\index.php(79): CodeIgniter\CodeIgniter->run()
ERROR - 2023-11-07 01:37:15 --> mysqli_sql_exception: Cannot add or update a child row: a foreign key constraint fails (`kedaiku`.`produk`, CONSTRAINT `FK_produk_kategori` FOREIGN KEY (`kategori_id`) REFERENCES `kategori` (`id`)) in C:\Users\DELL\Documents\project tuto\kedaiku\system\Database\MySQLi\Connection.php:306
Stack trace:
#0 C:\Users\DELL\Documents\project tuto\kedaiku\system\Database\MySQLi\Connection.php(306): mysqli->query('UPDATE `produk`...', 0)
#1 C:\Users\DELL\Documents\project tuto\kedaiku\system\Database\BaseConnection.php(693): CodeIgniter\Database\MySQLi\Connection->execute('UPDATE `produk`...')
#2 C:\Users\DELL\Documents\project tuto\kedaiku\system\Database\BaseConnection.php(607): CodeIgniter\Database\BaseConnection->simpleQuery('UPDATE `produk`...')
#3 C:\Users\DELL\Documents\project tuto\kedaiku\system\Database\BaseBuilder.php(2475): CodeIgniter\Database\BaseConnection->query('UPDATE `produk`...', Array, false)
#4 C:\Users\DELL\Documents\project tuto\kedaiku\system\Model.php(385): CodeIgniter\Database\BaseBuilder->update()
#5 C:\Users\DELL\Documents\project tuto\kedaiku\system\BaseModel.php(949): CodeIgniter\Model->doUpdate(Array, Array)
#6 C:\Users\DELL\Documents\project tuto\kedaiku\system\Model.php(776): CodeIgniter\BaseModel->update(Array, Array)
#7 C:\Users\DELL\Documents\project tuto\kedaiku\app\Controllers\Admin\Produk.php(128): CodeIgniter\Model->update('23', Array)
#8 C:\Users\DELL\Documents\project tuto\kedaiku\system\CodeIgniter.php(942): App\Controllers\Admin\Produk->save_edit('23')
#9 C:\Users\DELL\Documents\project tuto\kedaiku\system\CodeIgniter.php(502): CodeIgniter\CodeIgniter->runController(Object(App\Controllers\Admin\Produk))
#10 C:\Users\DELL\Documents\project tuto\kedaiku\system\CodeIgniter.php(361): CodeIgniter\CodeIgniter->handleRequest(NULL, Object(Config\Cache), false)
#11 C:\Users\DELL\Documents\project tuto\kedaiku\public\index.php(79): CodeIgniter\CodeIgniter->run()
#12 {main}
CRITICAL - 2023-11-07 01:37:15 --> Cannot add or update a child row: a foreign key constraint fails (`kedaiku`.`produk`, CONSTRAINT `FK_produk_kategori` FOREIGN KEY (`kategori_id`) REFERENCES `kategori` (`id`))
in SYSTEMPATH\Database\BaseConnection.php on line 647.
 1 SYSTEMPATH\Database\BaseBuilder.php(2475): CodeIgniter\Database\BaseConnection->query('UPDATE `produk` SET `nama` = :nama:, `kategori_id` = :kategori_id:, `description` = :description:, `harga` = :harga:
WHERE `produk`.`id` IN :produk.id:', [...], false)
 2 SYSTEMPATH\Model.php(385): CodeIgniter\Database\BaseBuilder->update()
 3 SYSTEMPATH\BaseModel.php(949): CodeIgniter\Model->doUpdate([...], [...])
 4 SYSTEMPATH\Model.php(776): CodeIgniter\BaseModel->update([...], [...])
 5 APPPATH\Controllers\Admin\Produk.php(128): CodeIgniter\Model->update('23', [...])
 6 SYSTEMPATH\CodeIgniter.php(942): App\Controllers\Admin\Produk->save_edit('23')
 7 SYSTEMPATH\CodeIgniter.php(502): CodeIgniter\CodeIgniter->runController(Object(App\Controllers\Admin\Produk))
 8 SYSTEMPATH\CodeIgniter.php(361): CodeIgniter\CodeIgniter->handleRequest(null, Object(Config\Cache), false)
 9 FCPATH\index.php(79): CodeIgniter\CodeIgniter->run()
CRITICAL - 2023-11-07 02:13:45 --> Invalid file: "checkout.php"
in SYSTEMPATH\Exceptions\FrameworkException.php on line 39.
 1 SYSTEMPATH\View\View.php(216): CodeIgniter\Exceptions\FrameworkException::forInvalidFile('checkout.php')
 2 SYSTEMPATH\Common.php(1190): CodeIgniter\View\View->render('checkout.php', [], true)
 3 APPPATH\Controllers\Admin\Checkout.php(17): view('checkout.php', [])
 4 SYSTEMPATH\CodeIgniter.php(942): App\Controllers\Admin\Checkout->index()
 5 SYSTEMPATH\CodeIgniter.php(502): CodeIgniter\CodeIgniter->runController(Object(App\Controllers\Admin\Checkout))
 6 SYSTEMPATH\CodeIgniter.php(361): CodeIgniter\CodeIgniter->handleRequest(null, Object(Config\Cache), false)
 7 FCPATH\index.php(79): CodeIgniter\CodeIgniter->run()
CRITICAL - 2023-11-07 07:18:03 --> [] operator not supported for strings
in APPPATH\Controllers\Admin\Checkout.php on line 134.
 1 SYSTEMPATH\CodeIgniter.php(942): App\Controllers\Admin\Checkout->process_checkout()
 2 SYSTEMPATH\CodeIgniter.php(502): CodeIgniter\CodeIgniter->runController(Object(App\Controllers\Admin\Checkout))
 3 SYSTEMPATH\CodeIgniter.php(361): CodeIgniter\CodeIgniter->handleRequest(null, Object(Config\Cache), false)
 4 FCPATH\index.php(79): CodeIgniter\CodeIgniter->run()
CRITICAL - 2023-11-07 07:18:42 --> [] operator not supported for strings
in APPPATH\Controllers\Admin\Checkout.php on line 134.
 1 SYSTEMPATH\CodeIgniter.php(942): App\Controllers\Admin\Checkout->process_checkout()
 2 SYSTEMPATH\CodeIgniter.php(502): CodeIgniter\CodeIgniter->runController(Object(App\Controllers\Admin\Checkout))
 3 SYSTEMPATH\CodeIgniter.php(361): CodeIgniter\CodeIgniter->handleRequest(null, Object(Config\Cache), false)
 4 FCPATH\index.php(79): CodeIgniter\CodeIgniter->run()
CRITICAL - 2023-11-07 07:20:29 --> [] operator not supported for strings
in APPPATH\Controllers\Admin\Checkout.php on line 131.
 1 SYSTEMPATH\CodeIgniter.php(942): App\Controllers\Admin\Checkout->process_checkout()
 2 SYSTEMPATH\CodeIgniter.php(502): CodeIgniter\CodeIgniter->runController(Object(App\Controllers\Admin\Checkout))
 3 SYSTEMPATH\CodeIgniter.php(361): CodeIgniter\CodeIgniter->handleRequest(null, Object(Config\Cache), false)
 4 FCPATH\index.php(79): CodeIgniter\CodeIgniter->run()
CRITICAL - 2023-11-07 07:21:04 --> Cannot use a scalar value as an array
in APPPATH\Controllers\Admin\Checkout.php on line 122.
 1 SYSTEMPATH\CodeIgniter.php(942): App\Controllers\Admin\Checkout->process_checkout()
 2 SYSTEMPATH\CodeIgniter.php(502): CodeIgniter\CodeIgniter->runController(Object(App\Controllers\Admin\Checkout))
 3 SYSTEMPATH\CodeIgniter.php(361): CodeIgniter\CodeIgniter->handleRequest(null, Object(Config\Cache), false)
 4 FCPATH\index.php(79): CodeIgniter\CodeIgniter->run()
CRITICAL - 2023-11-07 07:22:42 --> Undefined variable $payment_gateway
in APPPATH\Controllers\Admin\Checkout.php on line 138.
 1 APPPATH\Controllers\Admin\Checkout.php(138): CodeIgniter\Debug\Exceptions->errorHandler(2, 'Undefined variable $payment_gateway', 'C:\\Users\\DELL\\Documents\\project tuto\\kedaiku\\app\\Controllers\\Admin\\Checkout.php', 138)
 2 SYSTEMPATH\CodeIgniter.php(942): App\Controllers\Admin\Checkout->process_checkout()
 3 SYSTEMPATH\CodeIgniter.php(502): CodeIgniter\CodeIgniter->runController(Object(App\Controllers\Admin\Checkout))
 4 SYSTEMPATH\CodeIgniter.php(361): CodeIgniter\CodeIgniter->handleRequest(null, Object(Config\Cache), false)
 5 FCPATH\index.php(79): CodeIgniter\CodeIgniter->run()
CRITICAL - 2023-11-07 07:22:59 --> Undefined constant "App\Controllers\Admin\this"
in APPPATH\Controllers\Admin\Checkout.php on line 136.
 1 SYSTEMPATH\CodeIgniter.php(942): App\Controllers\Admin\Checkout->process_checkout()
 2 SYSTEMPATH\CodeIgniter.php(502): CodeIgniter\CodeIgniter->runController(Object(App\Controllers\Admin\Checkout))
 3 SYSTEMPATH\CodeIgniter.php(361): CodeIgniter\CodeIgniter->handleRequest(null, Object(Config\Cache), false)
 4 FCPATH\index.php(79): CodeIgniter\CodeIgniter->run()
CRITICAL - 2023-11-07 08:58:45 --> Class "App\Controllers\Admin\App\Libraries\Payment\SecurePay" not found
in APPPATH\Controllers\Admin\Checkout.php on line 151.
 1 SYSTEMPATH\CodeIgniter.php(942): App\Controllers\Admin\Checkout->process_checkout()
 2 SYSTEMPATH\CodeIgniter.php(502): CodeIgniter\CodeIgniter->runController(Object(App\Controllers\Admin\Checkout))
 3 SYSTEMPATH\CodeIgniter.php(361): CodeIgniter\CodeIgniter->handleRequest(null, Object(Config\Cache), false)
 4 FCPATH\index.php(79): CodeIgniter\CodeIgniter->run()
