CRITICAL - 2023-10-31 01:13:11 --> Call to undefined function setDefaultController()
in APPPATH\Config\Routes.php on line 8.
 1 SYSTEMPATH\Router\RouteCollection.php(344): require()
 2 SYSTEMPATH\CodeIgniter.php(810): CodeIgniter\Router\RouteCollection->loadRoutes()
 3 SYSTEMPATH\CodeIgniter.php(450): CodeIgniter\CodeIgniter->tryToRouteIt(null)
 4 SYSTEMPATH\CodeIgniter.php(361): CodeIgniter\CodeIgniter->handleRequest(null, Object(Config\Cache), false)
 5 FCPATH\index.php(79): CodeIgniter\CodeIgniter->run()
CRITICAL - 2023-10-31 01:13:49 --> Call to undefined method CodeIgniter\Router\RouteCollection::ssetDefaultController()
in APPPATH\Config\Routes.php on line 8.
 1 SYSTEMPATH\Router\RouteCollection.php(344): require()
 2 SYSTEMPATH\CodeIgniter.php(810): CodeIgniter\Router\RouteCollection->loadRoutes()
 3 SYSTEMPATH\CodeIgniter.php(450): CodeIgniter\CodeIgniter->tryToRouteIt(null)
 4 SYSTEMPATH\CodeIgniter.php(361): CodeIgniter\CodeIgniter->handleRequest(null, Object(Config\Cache), false)
 5 FCPATH\index.php(79): CodeIgniter\CodeIgniter->run()
CRITICAL - 2023-10-31 01:34:55 --> Undefined variable $all_pekan
in APPPATH\Views\produk_homepage.php on line 43.
 1 APPPATH\Views\produk_homepage.php(43): CodeIgniter\Debug\Exceptions->errorHandler(2, 'Undefined variable $all_pekan', 'C:\\Users\\DELL\\Documents\\project tuto\\kedaiku\\app\\Views\\produk_homepage.php', 43)
 2 SYSTEMPATH\View\View.php(228): include('C:\\Users\\DELL\\Documents\\project tuto\\kedaiku\\app\\Views\\produk_homepage.php')
 3 SYSTEMPATH\View\View.php(231): CodeIgniter\View\View->CodeIgniter\View\{closure}()
 4 SYSTEMPATH\Common.php(1190): CodeIgniter\View\View->render('produk_homepage', [], true)
 5 APPPATH\Controllers\Admin\Produk.php(21): view('produk_homepage', [...])
 6 SYSTEMPATH\CodeIgniter.php(942): App\Controllers\Admin\Produk->homepage()
 7 SYSTEMPATH\CodeIgniter.php(502): CodeIgniter\CodeIgniter->runController(Object(App\Controllers\Admin\Produk))
 8 SYSTEMPATH\CodeIgniter.php(361): CodeIgniter\CodeIgniter->handleRequest(null, Object(Config\Cache), false)
 9 FCPATH\index.php(79): CodeIgniter\CodeIgniter->run()
CRITICAL - 2023-10-31 01:35:30 --> Attempt to read property "nama_file" on array
in APPPATH\Views\produk_homepage.php on line 46.
 1 APPPATH\Views\produk_homepage.php(46): CodeIgniter\Debug\Exceptions->errorHandler(2, 'Attempt to read property "nama_file" on array', 'C:\\Users\\DELL\\Documents\\project tuto\\kedaiku\\app\\Views\\produk_homepage.php', 46)
 2 SYSTEMPATH\View\View.php(228): include('C:\\Users\\DELL\\Documents\\project tuto\\kedaiku\\app\\Views\\produk_homepage.php')
 3 SYSTEMPATH\View\View.php(231): CodeIgniter\View\View->CodeIgniter\View\{closure}()
 4 SYSTEMPATH\Common.php(1190): CodeIgniter\View\View->render('produk_homepage', [], true)
 5 APPPATH\Controllers\Admin\Produk.php(21): view('produk_homepage', [...])
 6 SYSTEMPATH\CodeIgniter.php(942): App\Controllers\Admin\Produk->homepage()
 7 SYSTEMPATH\CodeIgniter.php(502): CodeIgniter\CodeIgniter->runController(Object(App\Controllers\Admin\Produk))
 8 SYSTEMPATH\CodeIgniter.php(361): CodeIgniter\CodeIgniter->handleRequest(null, Object(Config\Cache), false)
 9 FCPATH\index.php(79): CodeIgniter\CodeIgniter->run()
CRITICAL - 2023-10-31 01:35:44 --> Attempt to read property "gambar" on array
in APPPATH\Views\produk_homepage.php on line 46.
 1 APPPATH\Views\produk_homepage.php(46): CodeIgniter\Debug\Exceptions->errorHandler(2, 'Attempt to read property "gambar" on array', 'C:\\Users\\DELL\\Documents\\project tuto\\kedaiku\\app\\Views\\produk_homepage.php', 46)
 2 SYSTEMPATH\View\View.php(228): include('C:\\Users\\DELL\\Documents\\project tuto\\kedaiku\\app\\Views\\produk_homepage.php')
 3 SYSTEMPATH\View\View.php(231): CodeIgniter\View\View->CodeIgniter\View\{closure}()
 4 SYSTEMPATH\Common.php(1190): CodeIgniter\View\View->render('produk_homepage', [], true)
 5 APPPATH\Controllers\Admin\Produk.php(21): view('produk_homepage', [...])
 6 SYSTEMPATH\CodeIgniter.php(942): App\Controllers\Admin\Produk->homepage()
 7 SYSTEMPATH\CodeIgniter.php(502): CodeIgniter\CodeIgniter->runController(Object(App\Controllers\Admin\Produk))
 8 SYSTEMPATH\CodeIgniter.php(361): CodeIgniter\CodeIgniter->handleRequest(null, Object(Config\Cache), false)
 9 FCPATH\index.php(79): CodeIgniter\CodeIgniter->run()
CRITICAL - 2023-10-31 01:36:53 --> Attempt to read property "nama" on array
in APPPATH\Views\produk_homepage.php on line 48.
 1 APPPATH\Views\produk_homepage.php(48): CodeIgniter\Debug\Exceptions->errorHandler(2, 'Attempt to read property "nama" on array', 'C:\\Users\\DELL\\Documents\\project tuto\\kedaiku\\app\\Views\\produk_homepage.php', 48)
 2 SYSTEMPATH\View\View.php(228): include('C:\\Users\\DELL\\Documents\\project tuto\\kedaiku\\app\\Views\\produk_homepage.php')
 3 SYSTEMPATH\View\View.php(231): CodeIgniter\View\View->CodeIgniter\View\{closure}()
 4 SYSTEMPATH\Common.php(1190): CodeIgniter\View\View->render('produk_homepage', [], true)
 5 APPPATH\Controllers\Admin\Produk.php(21): view('produk_homepage', [...])
 6 SYSTEMPATH\CodeIgniter.php(942): App\Controllers\Admin\Produk->homepage()
 7 SYSTEMPATH\CodeIgniter.php(502): CodeIgniter\CodeIgniter->runController(Object(App\Controllers\Admin\Produk))
 8 SYSTEMPATH\CodeIgniter.php(361): CodeIgniter\CodeIgniter->handleRequest(null, Object(Config\Cache), false)
 9 FCPATH\index.php(79): CodeIgniter\CodeIgniter->run()
CRITICAL - 2023-10-31 02:49:26 --> Call to undefined function endSection()
in APPPATH\Views\bakul.php on line 5.
 1 SYSTEMPATH\View\View.php(228): include()
 2 SYSTEMPATH\View\View.php(231): CodeIgniter\View\View->CodeIgniter\View\{closure}()
 3 SYSTEMPATH\Common.php(1190): CodeIgniter\View\View->render('bakul', [], true)
 4 APPPATH\Controllers\Admin\Bakul.php(9): view('bakul')
 5 SYSTEMPATH\CodeIgniter.php(942): App\Controllers\Admin\Bakul->index()
 6 SYSTEMPATH\CodeIgniter.php(502): CodeIgniter\CodeIgniter->runController(Object(App\Controllers\Admin\Bakul))
 7 SYSTEMPATH\CodeIgniter.php(361): CodeIgniter\CodeIgniter->handleRequest(null, Object(Config\Cache), false)
 8 FCPATH\index.php(79): CodeIgniter\CodeIgniter->run()
CRITICAL - 2023-10-31 02:57:57 --> syntax error, unexpected floating-point number ".80", expecting "," or ";"
in APPPATH\Views\bakul.php on line 25.
 1 SYSTEMPATH\View\View.php(231): CodeIgniter\View\View->CodeIgniter\View\{closure}()
 2 SYSTEMPATH\Common.php(1190): CodeIgniter\View\View->render('bakul', [], true)
 3 APPPATH\Controllers\Admin\Bakul.php(9): view('bakul')
 4 SYSTEMPATH\CodeIgniter.php(942): App\Controllers\Admin\Bakul->index()
 5 SYSTEMPATH\CodeIgniter.php(502): CodeIgniter\CodeIgniter->runController(Object(App\Controllers\Admin\Bakul))
 6 SYSTEMPATH\CodeIgniter.php(361): CodeIgniter\CodeIgniter->handleRequest(null, Object(Config\Cache), false)
 7 FCPATH\index.php(79): CodeIgniter\CodeIgniter->run()
CRITICAL - 2023-10-31 02:58:13 --> Undefined constant "RM37"
in APPPATH\Views\bakul.php on line 25.
 1 SYSTEMPATH\View\View.php(228): include()
 2 SYSTEMPATH\View\View.php(231): CodeIgniter\View\View->CodeIgniter\View\{closure}()
 3 SYSTEMPATH\Common.php(1190): CodeIgniter\View\View->render('bakul', [], true)
 4 APPPATH\Controllers\Admin\Bakul.php(9): view('bakul')
 5 SYSTEMPATH\CodeIgniter.php(942): App\Controllers\Admin\Bakul->index()
 6 SYSTEMPATH\CodeIgniter.php(502): CodeIgniter\CodeIgniter->runController(Object(App\Controllers\Admin\Bakul))
 7 SYSTEMPATH\CodeIgniter.php(361): CodeIgniter\CodeIgniter->handleRequest(null, Object(Config\Cache), false)
 8 FCPATH\index.php(79): CodeIgniter\CodeIgniter->run()
CRITICAL - 2023-10-31 03:55:24 --> Undefined constant "App\Controllers\Admin\Coffee"
in APPPATH\Controllers\Admin\Bakul.php on line 15.
 1 SYSTEMPATH\CodeIgniter.php(942): App\Controllers\Admin\Bakul->index()
 2 SYSTEMPATH\CodeIgniter.php(502): CodeIgniter\CodeIgniter->runController(Object(App\Controllers\Admin\Bakul))
 3 SYSTEMPATH\CodeIgniter.php(361): CodeIgniter\CodeIgniter->handleRequest(null, Object(Config\Cache), false)
 4 FCPATH\index.php(79): CodeIgniter\CodeIgniter->run()
CRITICAL - 2023-10-31 04:00:26 --> Undefined variable $total_amount
in APPPATH\Views\bakul.php on line 31.
 1 APPPATH\Views\bakul.php(31): CodeIgniter\Debug\Exceptions->errorHandler(2, 'Undefined variable $total_amount', 'C:\\Users\\DELL\\Documents\\project tuto\\kedaiku\\app\\Views\\bakul.php', 31)
 2 SYSTEMPATH\View\View.php(228): include('C:\\Users\\DELL\\Documents\\project tuto\\kedaiku\\app\\Views\\bakul.php')
 3 SYSTEMPATH\View\View.php(231): CodeIgniter\View\View->CodeIgniter\View\{closure}()
 4 SYSTEMPATH\Common.php(1190): CodeIgniter\View\View->render('bakul', [], true)
 5 APPPATH\Controllers\Admin\Bakul.php(25): view('bakul')
 6 SYSTEMPATH\CodeIgniter.php(942): App\Controllers\Admin\Bakul->index()
 7 SYSTEMPATH\CodeIgniter.php(502): CodeIgniter\CodeIgniter->runController(Object(App\Controllers\Admin\Bakul))
 8 SYSTEMPATH\CodeIgniter.php(361): CodeIgniter\CodeIgniter->handleRequest(null, Object(Config\Cache), false)
 9 FCPATH\index.php(79): CodeIgniter\CodeIgniter->run()
CRITICAL - 2023-10-31 04:01:36 --> Undefined variable $total_amount
in APPPATH\Views\bakul.php on line 31.
 1 APPPATH\Views\bakul.php(31): CodeIgniter\Debug\Exceptions->errorHandler(2, 'Undefined variable $total_amount', 'C:\\Users\\DELL\\Documents\\project tuto\\kedaiku\\app\\Views\\bakul.php', 31)
 2 SYSTEMPATH\View\View.php(228): include('C:\\Users\\DELL\\Documents\\project tuto\\kedaiku\\app\\Views\\bakul.php')
 3 SYSTEMPATH\View\View.php(231): CodeIgniter\View\View->CodeIgniter\View\{closure}()
 4 SYSTEMPATH\Common.php(1190): CodeIgniter\View\View->render('bakul', [], true)
 5 APPPATH\Controllers\Admin\Bakul.php(25): view('bakul')
 6 SYSTEMPATH\CodeIgniter.php(942): App\Controllers\Admin\Bakul->index()
 7 SYSTEMPATH\CodeIgniter.php(502): CodeIgniter\CodeIgniter->runController(Object(App\Controllers\Admin\Bakul))
 8 SYSTEMPATH\CodeIgniter.php(361): CodeIgniter\CodeIgniter->handleRequest(null, Object(Config\Cache), false)
 9 FCPATH\index.php(79): CodeIgniter\CodeIgniter->run()
CRITICAL - 2023-10-31 04:02:14 --> Undefined variable $total_amount
in APPPATH\Views\bakul.php on line 31.
 1 APPPATH\Views\bakul.php(31): CodeIgniter\Debug\Exceptions->errorHandler(2, 'Undefined variable $total_amount', 'C:\\Users\\DELL\\Documents\\project tuto\\kedaiku\\app\\Views\\bakul.php', 31)
 2 SYSTEMPATH\View\View.php(228): include('C:\\Users\\DELL\\Documents\\project tuto\\kedaiku\\app\\Views\\bakul.php')
 3 SYSTEMPATH\View\View.php(231): CodeIgniter\View\View->CodeIgniter\View\{closure}()
 4 SYSTEMPATH\Common.php(1190): CodeIgniter\View\View->render('bakul', [], true)
 5 APPPATH\Controllers\Admin\Bakul.php(25): view('bakul')
 6 SYSTEMPATH\CodeIgniter.php(942): App\Controllers\Admin\Bakul->index()
 7 SYSTEMPATH\CodeIgniter.php(502): CodeIgniter\CodeIgniter->runController(Object(App\Controllers\Admin\Bakul))
 8 SYSTEMPATH\CodeIgniter.php(361): CodeIgniter\CodeIgniter->handleRequest(null, Object(Config\Cache), false)
 9 FCPATH\index.php(79): CodeIgniter\CodeIgniter->run()
CRITICAL - 2023-10-31 04:03:22 --> Undefined variable $total_amount
in APPPATH\Views\bakul.php on line 31.
 1 APPPATH\Views\bakul.php(31): CodeIgniter\Debug\Exceptions->errorHandler(2, 'Undefined variable $total_amount', 'C:\\Users\\DELL\\Documents\\project tuto\\kedaiku\\app\\Views\\bakul.php', 31)
 2 SYSTEMPATH\View\View.php(228): include('C:\\Users\\DELL\\Documents\\project tuto\\kedaiku\\app\\Views\\bakul.php')
 3 SYSTEMPATH\View\View.php(231): CodeIgniter\View\View->CodeIgniter\View\{closure}()
 4 SYSTEMPATH\Common.php(1190): CodeIgniter\View\View->render('bakul', [], true)
 5 APPPATH\Controllers\Admin\Bakul.php(25): view('bakul')
 6 SYSTEMPATH\CodeIgniter.php(942): App\Controllers\Admin\Bakul->index()
 7 SYSTEMPATH\CodeIgniter.php(502): CodeIgniter\CodeIgniter->runController(Object(App\Controllers\Admin\Bakul))
 8 SYSTEMPATH\CodeIgniter.php(361): CodeIgniter\CodeIgniter->handleRequest(null, Object(Config\Cache), false)
 9 FCPATH\index.php(79): CodeIgniter\CodeIgniter->run()
CRITICAL - 2023-10-31 08:27:12 --> View themes, no current section.
in SYSTEMPATH\View\View.php on line 425.
 1 APPPATH\Views\produk_homepage.php(33): CodeIgniter\View\View->endSection()
 2 SYSTEMPATH\View\View.php(228): include('C:\\Users\\DELL\\Documents\\project tuto\\kedaiku\\app\\Views\\produk_homepage.php')
 3 SYSTEMPATH\View\View.php(231): CodeIgniter\View\View->CodeIgniter\View\{closure}()
 4 SYSTEMPATH\Common.php(1190): CodeIgniter\View\View->render('produk_homepage', [], true)
 5 APPPATH\Controllers\Admin\Produk.php(21): view('produk_homepage', [...])
 6 SYSTEMPATH\CodeIgniter.php(942): App\Controllers\Admin\Produk->homepage()
 7 SYSTEMPATH\CodeIgniter.php(502): CodeIgniter\CodeIgniter->runController(Object(App\Controllers\Admin\Produk))
 8 SYSTEMPATH\CodeIgniter.php(361): CodeIgniter\CodeIgniter->handleRequest(null, Object(Config\Cache), false)
 9 FCPATH\index.php(79): CodeIgniter\CodeIgniter->run()
CRITICAL - 2023-10-31 08:27:23 --> View themes, no current section.
in SYSTEMPATH\View\View.php on line 425.
 1 APPPATH\Views\produk_homepage.php(33): CodeIgniter\View\View->endSection()
 2 SYSTEMPATH\View\View.php(228): include('C:\\Users\\DELL\\Documents\\project tuto\\kedaiku\\app\\Views\\produk_homepage.php')
 3 SYSTEMPATH\View\View.php(231): CodeIgniter\View\View->CodeIgniter\View\{closure}()
 4 SYSTEMPATH\Common.php(1190): CodeIgniter\View\View->render('produk_homepage', [], true)
 5 APPPATH\Controllers\Admin\Produk.php(21): view('produk_homepage', [...])
 6 SYSTEMPATH\CodeIgniter.php(942): App\Controllers\Admin\Produk->homepage()
 7 SYSTEMPATH\CodeIgniter.php(502): CodeIgniter\CodeIgniter->runController(Object(App\Controllers\Admin\Produk))
 8 SYSTEMPATH\CodeIgniter.php(361): CodeIgniter\CodeIgniter->handleRequest(null, Object(Config\Cache), false)
 9 FCPATH\index.php(79): CodeIgniter\CodeIgniter->run()
CRITICAL - 2023-10-31 08:27:26 --> View themes, no current section.
in SYSTEMPATH\View\View.php on line 425.
 1 APPPATH\Views\produk_homepage.php(33): CodeIgniter\View\View->endSection()
 2 SYSTEMPATH\View\View.php(228): include('C:\\Users\\DELL\\Documents\\project tuto\\kedaiku\\app\\Views\\produk_homepage.php')
 3 SYSTEMPATH\View\View.php(231): CodeIgniter\View\View->CodeIgniter\View\{closure}()
 4 SYSTEMPATH\Common.php(1190): CodeIgniter\View\View->render('produk_homepage', [], true)
 5 APPPATH\Controllers\Admin\Produk.php(21): view('produk_homepage', [...])
 6 SYSTEMPATH\CodeIgniter.php(942): App\Controllers\Admin\Produk->homepage()
 7 SYSTEMPATH\CodeIgniter.php(502): CodeIgniter\CodeIgniter->runController(Object(App\Controllers\Admin\Produk))
 8 SYSTEMPATH\CodeIgniter.php(361): CodeIgniter\CodeIgniter->handleRequest(null, Object(Config\Cache), false)
 9 FCPATH\index.php(79): CodeIgniter\CodeIgniter->run()
CRITICAL - 2023-10-31 08:28:14 --> View themes, no current section.
in SYSTEMPATH\View\View.php on line 425.
 1 APPPATH\Views\produk_homepage.php(33): CodeIgniter\View\View->endSection()
 2 SYSTEMPATH\View\View.php(228): include('C:\\Users\\DELL\\Documents\\project tuto\\kedaiku\\app\\Views\\produk_homepage.php')
 3 SYSTEMPATH\View\View.php(231): CodeIgniter\View\View->CodeIgniter\View\{closure}()
 4 SYSTEMPATH\Common.php(1190): CodeIgniter\View\View->render('produk_homepage', [], true)
 5 APPPATH\Controllers\Admin\Produk.php(21): view('produk_homepage', [...])
 6 SYSTEMPATH\CodeIgniter.php(942): App\Controllers\Admin\Produk->homepage()
 7 SYSTEMPATH\CodeIgniter.php(502): CodeIgniter\CodeIgniter->runController(Object(App\Controllers\Admin\Produk))
 8 SYSTEMPATH\CodeIgniter.php(361): CodeIgniter\CodeIgniter->handleRequest(null, Object(Config\Cache), false)
 9 FCPATH\index.php(79): CodeIgniter\CodeIgniter->run()
CRITICAL - 2023-10-31 08:28:17 --> View themes, no current section.
in SYSTEMPATH\View\View.php on line 425.
 1 APPPATH\Views\produk_homepage.php(33): CodeIgniter\View\View->endSection()
 2 SYSTEMPATH\View\View.php(228): include('C:\\Users\\DELL\\Documents\\project tuto\\kedaiku\\app\\Views\\produk_homepage.php')
 3 SYSTEMPATH\View\View.php(231): CodeIgniter\View\View->CodeIgniter\View\{closure}()
 4 SYSTEMPATH\Common.php(1190): CodeIgniter\View\View->render('produk_homepage', [], true)
 5 APPPATH\Controllers\Admin\Produk.php(21): view('produk_homepage', [...])
 6 SYSTEMPATH\CodeIgniter.php(942): App\Controllers\Admin\Produk->homepage()
 7 SYSTEMPATH\CodeIgniter.php(502): CodeIgniter\CodeIgniter->runController(Object(App\Controllers\Admin\Produk))
 8 SYSTEMPATH\CodeIgniter.php(361): CodeIgniter\CodeIgniter->handleRequest(null, Object(Config\Cache), false)
 9 FCPATH\index.php(79): CodeIgniter\CodeIgniter->run()
CRITICAL - 2023-10-31 08:28:28 --> View themes, no current section.
in SYSTEMPATH\View\View.php on line 425.
 1 APPPATH\Views\produk_homepage.php(33): CodeIgniter\View\View->endSection()
 2 SYSTEMPATH\View\View.php(228): include('C:\\Users\\DELL\\Documents\\project tuto\\kedaiku\\app\\Views\\produk_homepage.php')
 3 SYSTEMPATH\View\View.php(231): CodeIgniter\View\View->CodeIgniter\View\{closure}()
 4 SYSTEMPATH\Common.php(1190): CodeIgniter\View\View->render('produk_homepage', [], true)
 5 APPPATH\Controllers\Admin\Produk.php(21): view('produk_homepage', [...])
 6 SYSTEMPATH\CodeIgniter.php(942): App\Controllers\Admin\Produk->homepage()
 7 SYSTEMPATH\CodeIgniter.php(502): CodeIgniter\CodeIgniter->runController(Object(App\Controllers\Admin\Produk))
 8 SYSTEMPATH\CodeIgniter.php(361): CodeIgniter\CodeIgniter->handleRequest(null, Object(Config\Cache), false)
 9 FCPATH\index.php(79): CodeIgniter\CodeIgniter->run()
CRITICAL - 2023-10-31 08:29:26 --> View themes, no current section.
in SYSTEMPATH\View\View.php on line 425.
 1 APPPATH\Views\produk_homepage.php(33): CodeIgniter\View\View->endSection()
 2 SYSTEMPATH\View\View.php(228): include('C:\\Users\\DELL\\Documents\\project tuto\\kedaiku\\app\\Views\\produk_homepage.php')
 3 SYSTEMPATH\View\View.php(231): CodeIgniter\View\View->CodeIgniter\View\{closure}()
 4 SYSTEMPATH\Common.php(1190): CodeIgniter\View\View->render('produk_homepage', [], true)
 5 APPPATH\Controllers\Admin\Produk.php(21): view('produk_homepage', [...])
 6 SYSTEMPATH\CodeIgniter.php(942): App\Controllers\Admin\Produk->homepage()
 7 SYSTEMPATH\CodeIgniter.php(502): CodeIgniter\CodeIgniter->runController(Object(App\Controllers\Admin\Produk))
 8 SYSTEMPATH\CodeIgniter.php(361): CodeIgniter\CodeIgniter->handleRequest(null, Object(Config\Cache), false)
 9 FCPATH\index.php(79): CodeIgniter\CodeIgniter->run()
CRITICAL - 2023-10-31 08:29:36 --> View themes, no current section.
in SYSTEMPATH\View\View.php on line 425.
 1 APPPATH\Views\produk_homepage.php(33): CodeIgniter\View\View->endSection()
 2 SYSTEMPATH\View\View.php(228): include('C:\\Users\\DELL\\Documents\\project tuto\\kedaiku\\app\\Views\\produk_homepage.php')
 3 SYSTEMPATH\View\View.php(231): CodeIgniter\View\View->CodeIgniter\View\{closure}()
 4 SYSTEMPATH\Common.php(1190): CodeIgniter\View\View->render('produk_homepage', [], true)
 5 APPPATH\Controllers\Admin\Produk.php(21): view('produk_homepage', [...])
 6 SYSTEMPATH\CodeIgniter.php(942): App\Controllers\Admin\Produk->homepage()
 7 SYSTEMPATH\CodeIgniter.php(502): CodeIgniter\CodeIgniter->runController(Object(App\Controllers\Admin\Produk))
 8 SYSTEMPATH\CodeIgniter.php(361): CodeIgniter\CodeIgniter->handleRequest(null, Object(Config\Cache), false)
 9 FCPATH\index.php(79): CodeIgniter\CodeIgniter->run()
CRITICAL - 2023-10-31 08:32:53 --> View themes, no current section.
in SYSTEMPATH\View\View.php on line 425.
 1 APPPATH\Views\produk_homepage.php(33): CodeIgniter\View\View->endSection()
 2 SYSTEMPATH\View\View.php(228): include('C:\\Users\\DELL\\Documents\\project tuto\\kedaiku\\app\\Views\\produk_homepage.php')
 3 SYSTEMPATH\View\View.php(231): CodeIgniter\View\View->CodeIgniter\View\{closure}()
 4 SYSTEMPATH\Common.php(1190): CodeIgniter\View\View->render('produk_homepage', [], true)
 5 APPPATH\Controllers\Admin\Produk.php(21): view('produk_homepage', [...])
 6 SYSTEMPATH\CodeIgniter.php(942): App\Controllers\Admin\Produk->homepage()
 7 SYSTEMPATH\CodeIgniter.php(502): CodeIgniter\CodeIgniter->runController(Object(App\Controllers\Admin\Produk))
 8 SYSTEMPATH\CodeIgniter.php(361): CodeIgniter\CodeIgniter->handleRequest(null, Object(Config\Cache), false)
 9 FCPATH\index.php(79): CodeIgniter\CodeIgniter->run()
CRITICAL - 2023-10-31 08:33:44 --> View themes, no current section.
in SYSTEMPATH\View\View.php on line 425.
 1 APPPATH\Views\produk_homepage.php(75): CodeIgniter\View\View->endSection()
 2 SYSTEMPATH\View\View.php(228): include('C:\\Users\\DELL\\Documents\\project tuto\\kedaiku\\app\\Views\\produk_homepage.php')
 3 SYSTEMPATH\View\View.php(231): CodeIgniter\View\View->CodeIgniter\View\{closure}()
 4 SYSTEMPATH\Common.php(1190): CodeIgniter\View\View->render('produk_homepage', [], true)
 5 APPPATH\Controllers\Admin\Produk.php(21): view('produk_homepage', [...])
 6 SYSTEMPATH\CodeIgniter.php(942): App\Controllers\Admin\Produk->homepage()
 7 SYSTEMPATH\CodeIgniter.php(502): CodeIgniter\CodeIgniter->runController(Object(App\Controllers\Admin\Produk))
 8 SYSTEMPATH\CodeIgniter.php(361): CodeIgniter\CodeIgniter->handleRequest(null, Object(Config\Cache), false)
 9 FCPATH\index.php(79): CodeIgniter\CodeIgniter->run()
CRITICAL - 2023-10-31 08:36:03 --> View themes, no current section.
in SYSTEMPATH\View\View.php on line 425.
 1 APPPATH\Views\produk_homepage.php(38): CodeIgniter\View\View->endSection()
 2 SYSTEMPATH\View\View.php(228): include('C:\\Users\\DELL\\Documents\\project tuto\\kedaiku\\app\\Views\\produk_homepage.php')
 3 SYSTEMPATH\View\View.php(231): CodeIgniter\View\View->CodeIgniter\View\{closure}()
 4 SYSTEMPATH\Common.php(1190): CodeIgniter\View\View->render('produk_homepage', [], true)
 5 APPPATH\Controllers\Admin\Produk.php(21): view('produk_homepage', [...])
 6 SYSTEMPATH\CodeIgniter.php(942): App\Controllers\Admin\Produk->homepage()
 7 SYSTEMPATH\CodeIgniter.php(502): CodeIgniter\CodeIgniter->runController(Object(App\Controllers\Admin\Produk))
 8 SYSTEMPATH\CodeIgniter.php(361): CodeIgniter\CodeIgniter->handleRequest(null, Object(Config\Cache), false)
 9 FCPATH\index.php(79): CodeIgniter\CodeIgniter->run()
CRITICAL - 2023-10-31 08:36:37 --> View themes, no current section.
in SYSTEMPATH\View\View.php on line 425.
 1 APPPATH\Views\produk_homepage.php(82): CodeIgniter\View\View->endSection()
 2 SYSTEMPATH\View\View.php(228): include('C:\\Users\\DELL\\Documents\\project tuto\\kedaiku\\app\\Views\\produk_homepage.php')
 3 SYSTEMPATH\View\View.php(231): CodeIgniter\View\View->CodeIgniter\View\{closure}()
 4 SYSTEMPATH\Common.php(1190): CodeIgniter\View\View->render('produk_homepage', [], true)
 5 APPPATH\Controllers\Admin\Produk.php(21): view('produk_homepage', [...])
 6 SYSTEMPATH\CodeIgniter.php(942): App\Controllers\Admin\Produk->homepage()
 7 SYSTEMPATH\CodeIgniter.php(502): CodeIgniter\CodeIgniter->runController(Object(App\Controllers\Admin\Produk))
 8 SYSTEMPATH\CodeIgniter.php(361): CodeIgniter\CodeIgniter->handleRequest(null, Object(Config\Cache), false)
 9 FCPATH\index.php(79): CodeIgniter\CodeIgniter->run()
CRITICAL - 2023-10-31 08:37:35 --> Undefined property: Config\View::$lockScreen
in APPPATH\Views\templates\front_layout.php on line 21.
 1 APPPATH\Views\templates\front_layout.php(21): CodeIgniter\Debug\Exceptions->errorHandler(2, 'Undefined property: Config\\View::$lockScreen', 'C:\\Users\\DELL\\Documents\\project tuto\\kedaiku\\app\\Views\\templates\\front_layout.php', 21)
 2 SYSTEMPATH\View\View.php(228): include('C:\\Users\\DELL\\Documents\\project tuto\\kedaiku\\app\\Views\\templates\\front_layout.php')
 3 SYSTEMPATH\View\View.php(231): CodeIgniter\View\View->CodeIgniter\View\{closure}()
 4 SYSTEMPATH\View\View.php(244): CodeIgniter\View\View->render('templates/front_layout', [], true)
 5 SYSTEMPATH\Common.php(1190): CodeIgniter\View\View->render('produk_homepage', [], true)
 6 APPPATH\Controllers\Admin\Produk.php(21): view('produk_homepage', [...])
 7 SYSTEMPATH\CodeIgniter.php(942): App\Controllers\Admin\Produk->homepage()
 8 SYSTEMPATH\CodeIgniter.php(502): CodeIgniter\CodeIgniter->runController(Object(App\Controllers\Admin\Produk))
 9 SYSTEMPATH\CodeIgniter.php(361): CodeIgniter\CodeIgniter->handleRequest(null, Object(Config\Cache), false)
10 FCPATH\index.php(79): CodeIgniter\CodeIgniter->run()
CRITICAL - 2023-10-31 08:39:50 --> View themes, no current section.
in SYSTEMPATH\View\View.php on line 425.
 1 APPPATH\Views\produk_homepage.php(36): CodeIgniter\View\View->endSection()
 2 SYSTEMPATH\View\View.php(228): include('C:\\Users\\DELL\\Documents\\project tuto\\kedaiku\\app\\Views\\produk_homepage.php')
 3 SYSTEMPATH\View\View.php(231): CodeIgniter\View\View->CodeIgniter\View\{closure}()
 4 SYSTEMPATH\Common.php(1190): CodeIgniter\View\View->render('produk_homepage', [], true)
 5 APPPATH\Controllers\Admin\Produk.php(21): view('produk_homepage', [...])
 6 SYSTEMPATH\CodeIgniter.php(942): App\Controllers\Admin\Produk->homepage()
 7 SYSTEMPATH\CodeIgniter.php(502): CodeIgniter\CodeIgniter->runController(Object(App\Controllers\Admin\Produk))
 8 SYSTEMPATH\CodeIgniter.php(361): CodeIgniter\CodeIgniter->handleRequest(null, Object(Config\Cache), false)
 9 FCPATH\index.php(79): CodeIgniter\CodeIgniter->run()
CRITICAL - 2023-10-31 08:40:28 --> View themes, no current section.
in SYSTEMPATH\View\View.php on line 425.
 1 APPPATH\Views\produk_homepage.php(39): CodeIgniter\View\View->endSection()
 2 SYSTEMPATH\View\View.php(228): include('C:\\Users\\DELL\\Documents\\project tuto\\kedaiku\\app\\Views\\produk_homepage.php')
 3 SYSTEMPATH\View\View.php(231): CodeIgniter\View\View->CodeIgniter\View\{closure}()
 4 SYSTEMPATH\Common.php(1190): CodeIgniter\View\View->render('produk_homepage', [], true)
 5 APPPATH\Controllers\Admin\Produk.php(21): view('produk_homepage', [...])
 6 SYSTEMPATH\CodeIgniter.php(942): App\Controllers\Admin\Produk->homepage()
 7 SYSTEMPATH\CodeIgniter.php(502): CodeIgniter\CodeIgniter->runController(Object(App\Controllers\Admin\Produk))
 8 SYSTEMPATH\CodeIgniter.php(361): CodeIgniter\CodeIgniter->handleRequest(null, Object(Config\Cache), false)
 9 FCPATH\index.php(79): CodeIgniter\CodeIgniter->run()
CRITICAL - 2023-10-31 08:40:29 --> View themes, no current section.
in SYSTEMPATH\View\View.php on line 425.
 1 APPPATH\Views\produk_homepage.php(39): CodeIgniter\View\View->endSection()
 2 SYSTEMPATH\View\View.php(228): include('C:\\Users\\DELL\\Documents\\project tuto\\kedaiku\\app\\Views\\produk_homepage.php')
 3 SYSTEMPATH\View\View.php(231): CodeIgniter\View\View->CodeIgniter\View\{closure}()
 4 SYSTEMPATH\Common.php(1190): CodeIgniter\View\View->render('produk_homepage', [], true)
 5 APPPATH\Controllers\Admin\Produk.php(21): view('produk_homepage', [...])
 6 SYSTEMPATH\CodeIgniter.php(942): App\Controllers\Admin\Produk->homepage()
 7 SYSTEMPATH\CodeIgniter.php(502): CodeIgniter\CodeIgniter->runController(Object(App\Controllers\Admin\Produk))
 8 SYSTEMPATH\CodeIgniter.php(361): CodeIgniter\CodeIgniter->handleRequest(null, Object(Config\Cache), false)
 9 FCPATH\index.php(79): CodeIgniter\CodeIgniter->run()
CRITICAL - 2023-10-31 08:40:40 --> View themes, no current section.
in SYSTEMPATH\View\View.php on line 425.
 1 APPPATH\Views\produk_homepage.php(84): CodeIgniter\View\View->endSection()
 2 SYSTEMPATH\View\View.php(228): include('C:\\Users\\DELL\\Documents\\project tuto\\kedaiku\\app\\Views\\produk_homepage.php')
 3 SYSTEMPATH\View\View.php(231): CodeIgniter\View\View->CodeIgniter\View\{closure}()
 4 SYSTEMPATH\Common.php(1190): CodeIgniter\View\View->render('produk_homepage', [], true)
 5 APPPATH\Controllers\Admin\Produk.php(21): view('produk_homepage', [...])
 6 SYSTEMPATH\CodeIgniter.php(942): App\Controllers\Admin\Produk->homepage()
 7 SYSTEMPATH\CodeIgniter.php(502): CodeIgniter\CodeIgniter->runController(Object(App\Controllers\Admin\Produk))
 8 SYSTEMPATH\CodeIgniter.php(361): CodeIgniter\CodeIgniter->handleRequest(null, Object(Config\Cache), false)
 9 FCPATH\index.php(79): CodeIgniter\CodeIgniter->run()
CRITICAL - 2023-10-31 08:41:53 --> View themes, no current section.
in SYSTEMPATH\View\View.php on line 425.
 1 APPPATH\Views\produk_homepage.php(85): CodeIgniter\View\View->endSection()
 2 SYSTEMPATH\View\View.php(228): include('C:\\Users\\DELL\\Documents\\project tuto\\kedaiku\\app\\Views\\produk_homepage.php')
 3 SYSTEMPATH\View\View.php(231): CodeIgniter\View\View->CodeIgniter\View\{closure}()
 4 SYSTEMPATH\Common.php(1190): CodeIgniter\View\View->render('produk_homepage', [], true)
 5 APPPATH\Controllers\Admin\Produk.php(21): view('produk_homepage', [...])
 6 SYSTEMPATH\CodeIgniter.php(942): App\Controllers\Admin\Produk->homepage()
 7 SYSTEMPATH\CodeIgniter.php(502): CodeIgniter\CodeIgniter->runController(Object(App\Controllers\Admin\Produk))
 8 SYSTEMPATH\CodeIgniter.php(361): CodeIgniter\CodeIgniter->handleRequest(null, Object(Config\Cache), false)
 9 FCPATH\index.php(79): CodeIgniter\CodeIgniter->run()
CRITICAL - 2023-10-31 08:44:08 --> View themes, no current section.
in SYSTEMPATH\View\View.php on line 425.
 1 APPPATH\Views\produk_homepage.php(41): CodeIgniter\View\View->endSection()
 2 SYSTEMPATH\View\View.php(228): include('C:\\Users\\DELL\\Documents\\project tuto\\kedaiku\\app\\Views\\produk_homepage.php')
 3 SYSTEMPATH\View\View.php(231): CodeIgniter\View\View->CodeIgniter\View\{closure}()
 4 SYSTEMPATH\Common.php(1190): CodeIgniter\View\View->render('produk_homepage', [], true)
 5 APPPATH\Controllers\Admin\Produk.php(21): view('produk_homepage', [...])
 6 SYSTEMPATH\CodeIgniter.php(942): App\Controllers\Admin\Produk->homepage()
 7 SYSTEMPATH\CodeIgniter.php(502): CodeIgniter\CodeIgniter->runController(Object(App\Controllers\Admin\Produk))
 8 SYSTEMPATH\CodeIgniter.php(361): CodeIgniter\CodeIgniter->handleRequest(null, Object(Config\Cache), false)
 9 FCPATH\index.php(79): CodeIgniter\CodeIgniter->run()
CRITICAL - 2023-10-31 08:44:59 --> View themes, no current section.
in SYSTEMPATH\View\View.php on line 425.
 1 APPPATH\Views\produk_homepage.php(41): CodeIgniter\View\View->endSection()
 2 SYSTEMPATH\View\View.php(228): include('C:\\Users\\DELL\\Documents\\project tuto\\kedaiku\\app\\Views\\produk_homepage.php')
 3 SYSTEMPATH\View\View.php(231): CodeIgniter\View\View->CodeIgniter\View\{closure}()
 4 SYSTEMPATH\Common.php(1190): CodeIgniter\View\View->render('produk_homepage', [], true)
 5 APPPATH\Controllers\Admin\Produk.php(21): view('produk_homepage', [...])
 6 SYSTEMPATH\CodeIgniter.php(942): App\Controllers\Admin\Produk->homepage()
 7 SYSTEMPATH\CodeIgniter.php(502): CodeIgniter\CodeIgniter->runController(Object(App\Controllers\Admin\Produk))
 8 SYSTEMPATH\CodeIgniter.php(361): CodeIgniter\CodeIgniter->handleRequest(null, Object(Config\Cache), false)
 9 FCPATH\index.php(79): CodeIgniter\CodeIgniter->run()
CRITICAL - 2023-10-31 08:46:26 --> View themes, no current section.
in SYSTEMPATH\View\View.php on line 425.
 1 APPPATH\Views\produk_homepage.php(84): CodeIgniter\View\View->endSection()
 2 SYSTEMPATH\View\View.php(228): include('C:\\Users\\DELL\\Documents\\project tuto\\kedaiku\\app\\Views\\produk_homepage.php')
 3 SYSTEMPATH\View\View.php(231): CodeIgniter\View\View->CodeIgniter\View\{closure}()
 4 SYSTEMPATH\Common.php(1190): CodeIgniter\View\View->render('produk_homepage', [], true)
 5 APPPATH\Controllers\Admin\Produk.php(21): view('produk_homepage', [...])
 6 SYSTEMPATH\CodeIgniter.php(942): App\Controllers\Admin\Produk->homepage()
 7 SYSTEMPATH\CodeIgniter.php(502): CodeIgniter\CodeIgniter->runController(Object(App\Controllers\Admin\Produk))
 8 SYSTEMPATH\CodeIgniter.php(361): CodeIgniter\CodeIgniter->handleRequest(null, Object(Config\Cache), false)
 9 FCPATH\index.php(79): CodeIgniter\CodeIgniter->run()
CRITICAL - 2023-10-31 08:47:11 --> View themes, no current section.
in SYSTEMPATH\View\View.php on line 425.
 1 APPPATH\Views\produk_homepage.php(46): CodeIgniter\View\View->endSection()
 2 SYSTEMPATH\View\View.php(228): include('C:\\Users\\DELL\\Documents\\project tuto\\kedaiku\\app\\Views\\produk_homepage.php')
 3 SYSTEMPATH\View\View.php(231): CodeIgniter\View\View->CodeIgniter\View\{closure}()
 4 SYSTEMPATH\Common.php(1190): CodeIgniter\View\View->render('produk_homepage', [], true)
 5 APPPATH\Controllers\Admin\Produk.php(21): view('produk_homepage', [...])
 6 SYSTEMPATH\CodeIgniter.php(942): App\Controllers\Admin\Produk->homepage()
 7 SYSTEMPATH\CodeIgniter.php(502): CodeIgniter\CodeIgniter->runController(Object(App\Controllers\Admin\Produk))
 8 SYSTEMPATH\CodeIgniter.php(361): CodeIgniter\CodeIgniter->handleRequest(null, Object(Config\Cache), false)
 9 FCPATH\index.php(79): CodeIgniter\CodeIgniter->run()
CRITICAL - 2023-10-31 08:47:54 --> View themes, no current section.
in SYSTEMPATH\View\View.php on line 425.
 1 APPPATH\Views\produk_homepage.php(46): CodeIgniter\View\View->endSection()
 2 SYSTEMPATH\View\View.php(228): include('C:\\Users\\DELL\\Documents\\project tuto\\kedaiku\\app\\Views\\produk_homepage.php')
 3 SYSTEMPATH\View\View.php(231): CodeIgniter\View\View->CodeIgniter\View\{closure}()
 4 SYSTEMPATH\Common.php(1190): CodeIgniter\View\View->render('produk_homepage', [], true)
 5 APPPATH\Controllers\Admin\Produk.php(21): view('produk_homepage', [...])
 6 SYSTEMPATH\CodeIgniter.php(942): App\Controllers\Admin\Produk->homepage()
 7 SYSTEMPATH\CodeIgniter.php(502): CodeIgniter\CodeIgniter->runController(Object(App\Controllers\Admin\Produk))
 8 SYSTEMPATH\CodeIgniter.php(361): CodeIgniter\CodeIgniter->handleRequest(null, Object(Config\Cache), false)
 9 FCPATH\index.php(79): CodeIgniter\CodeIgniter->run()
